[35m[1mConsolidate compiler generated dependencies of target impedance_control_node[0m
[ 50%] [32mBuilding CXX object CMakeFiles/impedance_control_node.dir/src/impedance_control_node.cpp.o[0m
In file included from [01m[K/opt/ros/humble/include/rclcpp/rclcpp/logging.hpp:24[m[K,
                 from [01m[K/opt/ros/humble/include/rclcpp/rclcpp/client.hpp:40[m[K,
                 from [01m[K/opt/ros/humble/include/rclcpp/rclcpp/callback_group.hpp:24[m[K,
                 from [01m[K/opt/ros/humble/include/rclcpp/rclcpp/any_executable.hpp:20[m[K,
                 from [01m[K/opt/ros/humble/include/rclcpp/rclcpp/memory_strategy.hpp:25[m[K,
                 from [01m[K/opt/ros/humble/include/rclcpp/rclcpp/memory_strategies.hpp:18[m[K,
                 from [01m[K/opt/ros/humble/include/rclcpp/rclcpp/executor_options.hpp:20[m[K,
                 from [01m[K/opt/ros/humble/include/rclcpp/rclcpp/executor.hpp:37[m[K,
                 from [01m[K/opt/ros/humble/include/rclcpp/rclcpp/executors/multi_threaded_executor.hpp:25[m[K,
                 from [01m[K/opt/ros/humble/include/rclcpp/rclcpp/executors.hpp:21[m[K,
                 from [01m[K/opt/ros/humble/include/rclcpp/rclcpp/rclcpp.hpp:155[m[K,
                 from [01m[K/home/ubuntu/Desktop/MC_ws/src/Control/Impedance_controller/src/impedance_control_node.cpp:416[m[K:
[01m[K/home/ubuntu/Desktop/MC_ws/src/Control/Impedance_controller/src/impedance_control_node.cpp:[m[K In member function ‘[01m[Kvoid ImpedanceController::velocityCallback(int, std_msgs::msg::Float32_<std::allocator<void> >::SharedPtr)[m[K’:
[01m[K/home/ubuntu/Desktop/MC_ws/src/Control/Impedance_controller/src/impedance_control_node.cpp:585:49:[m[K [01;35m[Kwarning: [m[Kformat ‘[01m[K%d[m[K’ expects argument of type ‘[01m[Kint[m[K’, but argument 5 has type ‘[01m[Kdouble[m[K’ [[01;35m[K]8;;https://gcc.gnu.org/onlinedocs/gcc/Warning-Options.html#index-Wformat=-Wformat=]8;;[m[K]
  585 |                 RCLCPP_INFO(this->get_logger(), [01;35m[K"Node %d velocity: %.3f turns/s"[m[K, [32m[Knode->q_dot_current[m[K);
      |                                                 [01;35m[K^~~~~~~~~~~~~~~~~~~~~~~~~~~~~~~~[m[K  [32m[K~~~~~~~~~~~~~~~~~~~[m[K
      |                                                                                         [32m[K|[m[K
      |                                                                                         [32m[Kdouble[m[K
[01m[K/home/ubuntu/Desktop/MC_ws/src/Control/Impedance_controller/src/impedance_control_node.cpp:585:56:[m[K [01;36m[Knote: [m[Kformat string is defined here
  585 |                 RCLCPP_INFO(this->get_logger(), "Node [01;36m[K%d[m[K velocity: %.3f turns/s", node->q_dot_current);
      |                                                       [01;36m[K~^[m[K
      |                                                        [01;36m[K|[m[K
      |                                                        [01;36m[Kint[m[K
      |                                                       [32m[K%f[m[K
In file included from [01m[K/opt/ros/humble/include/rclcpp/rclcpp/logging.hpp:24[m[K,
                 from [01m[K/opt/ros/humble/include/rclcpp/rclcpp/client.hpp:40[m[K,
                 from [01m[K/opt/ros/humble/include/rclcpp/rclcpp/callback_group.hpp:24[m[K,
                 from [01m[K/opt/ros/humble/include/rclcpp/rclcpp/any_executable.hpp:20[m[K,
                 from [01m[K/opt/ros/humble/include/rclcpp/rclcpp/memory_strategy.hpp:25[m[K,
                 from [01m[K/opt/ros/humble/include/rclcpp/rclcpp/memory_strategies.hpp:18[m[K,
                 from [01m[K/opt/ros/humble/include/rclcpp/rclcpp/executor_options.hpp:20[m[K,
                 from [01m[K/opt/ros/humble/include/rclcpp/rclcpp/executor.hpp:37[m[K,
                 from [01m[K/opt/ros/humble/include/rclcpp/rclcpp/executors/multi_threaded_executor.hpp:25[m[K,
                 from [01m[K/opt/ros/humble/include/rclcpp/rclcpp/executors.hpp:21[m[K,
                 from [01m[K/opt/ros/humble/include/rclcpp/rclcpp/rclcpp.hpp:155[m[K,
                 from [01m[K/home/ubuntu/Desktop/MC_ws/src/Control/Impedance_controller/src/impedance_control_node.cpp:416[m[K:
[01m[K/home/ubuntu/Desktop/MC_ws/src/Control/Impedance_controller/src/impedance_control_node.cpp:585:49:[m[K [01;35m[Kwarning: [m[Kformat ‘[01m[K%f[m[K’ expects a matching ‘[01m[Kdouble[m[K’ argument [[01;35m[K]8;;https://gcc.gnu.org/onlinedocs/gcc/Warning-Options.html#index-Wformat=-Wformat=]8;;[m[K]
  585 |                 RCLCPP_INFO(this->get_logger(), [01;35m[K"Node %d velocity: %.3f turns/s"[m[K, node->q_dot_current);
      |                                                 [01;35m[K^~~~~~~~~~~~~~~~~~~~~~~~~~~~~~~~[m[K
[01m[K/home/ubuntu/Desktop/MC_ws/src/Control/Impedance_controller/src/impedance_control_node.cpp:585:71:[m[K [01;36m[Knote: [m[Kformat string is defined here
  585 |                 RCLCPP_INFO(this->get_logger(), "Node %d velocity: [01;36m[K%.3f[m[K turns/s", node->q_dot_current);
      |                                                                    [01;36m[K~~~^[m[K
      |                                                                       [01;36m[K|[m[K
      |                                                                       [01;36m[Kdouble[m[K
[100%] [32m[1mLinking CXX executable impedance_control_node[0m
[100%] Built target impedance_control_node
-- Install configuration: ""
-- Installing: /home/ubuntu/Desktop/MC_ws/install/impedance_control/lib/impedance_control/impedance_control_node
-- Set runtime path of "/home/ubuntu/Desktop/MC_ws/install/impedance_control/lib/impedance_control/impedance_control_node" to ""
-- Up-to-date: /home/ubuntu/Desktop/MC_ws/install/impedance_control/share/impedance_control/
-- Up-to-date: /home/ubuntu/Desktop/MC_ws/install/impedance_control/share/impedance_control//impedance_control.launch.py
-- Up-to-date: /home/ubuntu/Desktop/MC_ws/install/impedance_control/share/ament_index/resource_index/package_run_dependencies/impedance_control
-- Up-to-date: /home/ubuntu/Desktop/MC_ws/install/impedance_control/share/ament_index/resource_index/parent_prefix_path/impedance_control
-- Up-to-date: /home/ubuntu/Desktop/MC_ws/install/impedance_control/share/impedance_control/environment/ament_prefix_path.sh
-- Up-to-date: /home/ubuntu/Desktop/MC_ws/install/impedance_control/share/impedance_control/environment/ament_prefix_path.dsv
-- Up-to-date: /home/ubuntu/Desktop/MC_ws/install/impedance_control/share/impedance_control/environment/path.sh
-- Up-to-date: /home/ubuntu/Desktop/MC_ws/install/impedance_control/share/impedance_control/environment/path.dsv
-- Up-to-date: /home/ubuntu/Desktop/MC_ws/install/impedance_control/share/impedance_control/local_setup.bash
-- Up-to-date: /home/ubuntu/Desktop/MC_ws/install/impedance_control/share/impedance_control/local_setup.sh
-- Up-to-date: /home/ubuntu/Desktop/MC_ws/install/impedance_control/share/impedance_control/local_setup.zsh
-- Up-to-date: /home/ubuntu/Desktop/MC_ws/install/impedance_control/share/impedance_control/local_setup.dsv
-- Installing: /home/ubuntu/Desktop/MC_ws/install/impedance_control/share/impedance_control/package.dsv
-- Up-to-date: /home/ubuntu/Desktop/MC_ws/install/impedance_control/share/ament_index/resource_index/packages/impedance_control
-- Up-to-date: /home/ubuntu/Desktop/MC_ws/install/impedance_control/share/impedance_control/cmake/impedance_controlConfig.cmake
-- Up-to-date: /home/ubuntu/Desktop/MC_ws/install/impedance_control/share/impedance_control/cmake/impedance_controlConfig-version.cmake
-- Up-to-date: /home/ubuntu/Desktop/MC_ws/install/impedance_control/share/impedance_control/package.xml
