[0.685s] Invoking command in '/home/ubuntu/Desktop/MC_ws/build/odrive_can_control': CMAKE_PREFIX_PATH=${CMAKE_PREFIX_PATH}:/home/ubuntu/Desktop/MC_ws/install/Visualize:/opt/ros/humble /usr/bin/cmake --build /home/ubuntu/Desktop/MC_ws/build/odrive_can_control -- -j8 -l8
[0.745s] [35m[1mConsolidate compiler generated dependencies of target odrive_initializer[0m
[0.757s] [ 20%] Built target odrive_can_node
[0.761s] [ 50%] Built target velocity_controller
[0.762s] [ 60%] Built target impedance_multi_control
[0.766s] [ 80%] Built target read_param
[0.774s] [ 90%] [32mBuilding CXX object CMakeFiles/odrive_initializer.dir/src/odrive_initializer.cpp.o[0m
[2.741s] [01m[K/home/ubuntu/Desktop/MC_ws/src/odrive_can_control/src/odrive_initializer.cpp:[m[K In member function ‘[01m[Kvoid ODriveInitializer::initialize_odrive(int, const string&)[m[K’:
[2.741s] [01m[K/home/ubuntu/Desktop/MC_ws/src/odrive_can_control/src/odrive_initializer.cpp:111:70:[m[K [01;31m[Kerror: [m[K‘[01m[Kیمت[m[K’ was not declared in this scope
[2.741s]   111 |                                            0x00, 0x00, 0x00, 0x00}) <[01;31m[Kیمت[m[K
[2.741s]       |                                                                      [01;31m[K^~~[m[K
[2.741s] [01m[K/home/ubuntu/Desktop/MC_ws/src/odrive_can_control/src/odrive_initializer.cpp:113:2:[m[K [01;31m[Kerror: [m[Kexpected ‘[01m[K)[m[K’ before numeric constant
[2.741s]   113 |  [01;31m[K0[m[K) {
[2.741s]       |  [01;31m[K^[m[K
[2.741s] [01m[K/home/ubuntu/Desktop/MC_ws/src/odrive_can_control/src/odrive_initializer.cpp:109:12:[m[K [01;36m[Knote: [m[Kto match this ‘[01m[K([m[K’
[2.741s]   109 |         if [01;36m[K([m[Ksend_can_frame(node_id, 0x0C, {initial_setpoint_bytes[0], initial_setpoint_bytes[1],
[2.741s]       |            [01;36m[K^[m[K
[2.742s] In file included from [01m[K/opt/ros/humble/include/rclcpp/rclcpp/logging.hpp:24[m[K,
[2.742s]                  from [01m[K/opt/ros/humble/include/rclcpp/rclcpp/client.hpp:40[m[K,
[2.742s]                  from [01m[K/opt/ros/humble/include/rclcpp/rclcpp/callback_group.hpp:24[m[K,
[2.742s]                  from [01m[K/opt/ros/humble/include/rclcpp/rclcpp/any_executable.hpp:20[m[K,
[2.742s]                  from [01m[K/opt/ros/humble/include/rclcpp/rclcpp/memory_strategy.hpp:25[m[K,
[2.742s]                  from [01m[K/opt/ros/humble/include/rclcpp/rclcpp/memory_strategies.hpp:18[m[K,
[2.742s]                  from [01m[K/opt/ros/humble/include/rclcpp/rclcpp/executor_options.hpp:20[m[K,
[2.742s]                  from [01m[K/opt/ros/humble/include/rclcpp/rclcpp/executor.hpp:37[m[K,
[2.742s]                  from [01m[K/opt/ros/humble/include/rclcpp/rclcpp/executors/multi_threaded_executor.hpp:25[m[K,
[2.742s]                  from [01m[K/opt/ros/humble/include/rclcpp/rclcpp/executors.hpp:21[m[K,
[2.743s]                  from [01m[K/opt/ros/humble/include/rclcpp/rclcpp/rclcpp.hpp:155[m[K,
[2.743s]                  from [01m[K/home/ubuntu/Desktop/MC_ws/src/odrive_can_control/src/odrive_initializer.cpp:1[m[K:
[2.743s] [01m[K/home/ubuntu/Desktop/MC_ws/src/odrive_can_control/src/odrive_initializer.cpp:134:45:[m[K [01;35m[Kwarning: [m[Kformat ‘[01m[K%d[m[K’ expects a matching ‘[01m[Kint[m[K’ argument [[01;35m[K]8;;https://gcc.gnu.org/onlinedocs/gcc/Warning-Options.html#index-Wformat=-Wformat=]8;;[m[K]
[2.743s]   134 |             RCLCPP_WARN(this->get_logger(), [01;35m[K"Node %d not at home yet, retrying..."[m[K);
[2.743s]       |                                             [01;35m[K^~~~~~~~~~~~~~~~~~~~~~~~~~~~~~~~~~~~~~[m[K
[2.743s] [01m[K/home/ubuntu/Desktop/MC_ws/src/odrive_can_control/src/odrive_initializer.cpp:134:52:[m[K [01;36m[Knote: [m[Kformat string is defined here
[2.743s]   134 |             RCLCPP_WARN(this->get_logger(), "Node [01;36m[K%d[m[K not at home yet, retrying...");
[2.743s]       |                                                   [01;36m[K~^[m[K
[2.743s]       |                                                    [01;36m[K|[m[K
[2.743s]       |                                                    [01;36m[Kint[m[K
[3.070s] gmake[2]: *** [CMakeFiles/odrive_initializer.dir/build.make:76: CMakeFiles/odrive_initializer.dir/src/odrive_initializer.cpp.o] Error 1
[3.070s] gmake[1]: *** [CMakeFiles/Makefile2:171: CMakeFiles/odrive_initializer.dir/all] Error 2
[3.071s] gmake: *** [Makefile:146: all] Error 2
[3.072s] Invoked command in '/home/ubuntu/Desktop/MC_ws/build/odrive_can_control' returned '2': CMAKE_PREFIX_PATH=${CMAKE_PREFIX_PATH}:/home/ubuntu/Desktop/MC_ws/install/Visualize:/opt/ros/humble /usr/bin/cmake --build /home/ubuntu/Desktop/MC_ws/build/odrive_can_control -- -j8 -l8
