[0.467s] Invoking command in '/home/ubuntu/Desktop/MC_ws/build/impedance_control': CMAKE_PREFIX_PATH=${CMAKE_PREFIX_PATH}:/home/ubuntu/Desktop/MC_ws/install/Visualize:/opt/ros/humble /usr/bin/cmake --build /home/ubuntu/Desktop/MC_ws/build/impedance_control -- -j8 -l8
[0.724s] [100%] Built target impedance_control_node
[0.738s] Invoked command in '/home/ubuntu/Desktop/MC_ws/build/impedance_control' returned '0': CMAKE_PREFIX_PATH=${CMAKE_PREFIX_PATH}:/home/ubuntu/Desktop/MC_ws/install/Visualize:/opt/ros/humble /usr/bin/cmake --build /home/ubuntu/Desktop/MC_ws/build/impedance_control -- -j8 -l8
[0.740s] Invoking command in '/home/ubuntu/Desktop/MC_ws/build/impedance_control': CMAKE_PREFIX_PATH=${CMAKE_PREFIX_PATH}:/home/ubuntu/Desktop/MC_ws/install/Visualize:/opt/ros/humble /usr/bin/cmake --install /home/ubuntu/Desktop/MC_ws/build/impedance_control
[0.749s] -- Install configuration: ""
[0.749s] -- Execute custom install script
[0.751s] -- Up-to-date symlink: /home/ubuntu/Desktop/MC_ws/install/impedance_control/lib/impedance_control/impedance_control_node
[0.753s] -- Up-to-date symlink: /home/ubuntu/Desktop/MC_ws/install/impedance_control/share/impedance_control//impedance_control.launch.py
[0.753s] -- Up-to-date symlink: /home/ubuntu/Desktop/MC_ws/install/impedance_control/share/ament_index/resource_index/package_run_dependencies/impedance_control
[0.753s] -- Up-to-date symlink: /home/ubuntu/Desktop/MC_ws/install/impedance_control/share/ament_index/resource_index/parent_prefix_path/impedance_control
[0.755s] -- Up-to-date symlink: /home/ubuntu/Desktop/MC_ws/install/impedance_control/share/impedance_control/environment/ament_prefix_path.sh
[0.756s] -- Up-to-date symlink: /home/ubuntu/Desktop/MC_ws/install/impedance_control/share/impedance_control/environment/ament_prefix_path.dsv
[0.756s] -- Up-to-date symlink: /home/ubuntu/Desktop/MC_ws/install/impedance_control/share/impedance_control/environment/path.sh
[0.757s] -- Up-to-date symlink: /home/ubuntu/Desktop/MC_ws/install/impedance_control/share/impedance_control/environment/path.dsv
[0.757s] -- Up-to-date symlink: /home/ubuntu/Desktop/MC_ws/install/impedance_control/share/impedance_control/local_setup.bash
[0.759s] -- Up-to-date symlink: /home/ubuntu/Desktop/MC_ws/install/impedance_control/share/impedance_control/local_setup.sh
[0.760s] -- Up-to-date symlink: /home/ubuntu/Desktop/MC_ws/install/impedance_control/share/impedance_control/local_setup.zsh
[0.760s] -- Up-to-date symlink: /home/ubuntu/Desktop/MC_ws/install/impedance_control/share/impedance_control/local_setup.dsv
[0.760s] -- Symlinking: /home/ubuntu/Desktop/MC_ws/install/impedance_control/share/impedance_control/package.dsv
[0.778s] -- Up-to-date symlink: /home/ubuntu/Desktop/MC_ws/install/impedance_control/share/ament_index/resource_index/packages/impedance_control
[0.778s] -- Up-to-date symlink: /home/ubuntu/Desktop/MC_ws/install/impedance_control/share/impedance_control/cmake/impedance_controlConfig.cmake
[0.778s] -- Up-to-date symlink: /home/ubuntu/Desktop/MC_ws/install/impedance_control/share/impedance_control/cmake/impedance_controlConfig-version.cmake
[0.778s] -- Up-to-date symlink: /home/ubuntu/Desktop/MC_ws/install/impedance_control/share/impedance_control/package.xml
[0.816s] Invoked command in '/home/ubuntu/Desktop/MC_ws/build/impedance_control' returned '0': CMAKE_PREFIX_PATH=${CMAKE_PREFIX_PATH}:/home/ubuntu/Desktop/MC_ws/install/Visualize:/opt/ros/humble /usr/bin/cmake --install /home/ubuntu/Desktop/MC_ws/build/impedance_control
