[0.503s] Invoking command in '/home/ubuntu/Desktop/MC_ws/build/impedance_control': CMAKE_PREFIX_PATH=${CMAKE_PREFIX_PATH}:/home/ubuntu/Desktop/MC_ws/install/Visualize:/opt/ros/humble /usr/bin/cmake /home/ubuntu/Desktop/MC_ws/src/Control/Impedance_controller -DAMENT_CMAKE_SYMLINK_INSTALL=1 -DCMAKE_INSTALL_PREFIX=/home/ubuntu/Desktop/MC_ws/install/impedance_control
[0.876s] -- Found ament_cmake: 1.3.11 (/opt/ros/humble/share/ament_cmake/cmake)
[0.876s] -- Override CMake install command with custom implementation using symlinks instead of copying resources
[0.876s] -- Found rclcpp: 16.0.11 (/opt/ros/humble/share/rclcpp/cmake)
[0.876s] -- Found rosidl_generator_c: 3.1.6 (/opt/ros/humble/share/rosidl_generator_c/cmake)
[0.876s] -- Found rosidl_adapter: 3.1.6 (/opt/ros/humble/share/rosidl_adapter/cmake)
[0.876s] -- Found rosidl_generator_cpp: 3.1.6 (/opt/ros/humble/share/rosidl_generator_cpp/cmake)
[0.876s] -- Using all available rosidl_typesupport_c: rosidl_typesupport_fastrtps_c;rosidl_typesupport_introspection_c
[0.876s] -- Using all available rosidl_typesupport_cpp: rosidl_typesupport_fastrtps_cpp;rosidl_typesupport_introspection_cpp
[0.877s] -- Found rmw_implementation_cmake: 6.1.2 (/opt/ros/humble/share/rmw_implementation_cmake/cmake)
[0.877s] -- Found rmw_cyclonedds_cpp: 1.3.4 (/opt/ros/humble/share/rmw_cyclonedds_cpp/cmake)
[0.877s] -- Using RMW implementation 'rmw_cyclonedds_cpp' as default
[1.118s] -- Configuring done
[1.139s] -- Generating done
[1.147s] -- Build files have been written to: /home/ubuntu/Desktop/MC_ws/build/impedance_control
[1.161s] Invoked command in '/home/ubuntu/Desktop/MC_ws/build/impedance_control' returned '0': CMAKE_PREFIX_PATH=${CMAKE_PREFIX_PATH}:/home/ubuntu/Desktop/MC_ws/install/Visualize:/opt/ros/humble /usr/bin/cmake /home/ubuntu/Desktop/MC_ws/src/Control/Impedance_controller -DAMENT_CMAKE_SYMLINK_INSTALL=1 -DCMAKE_INSTALL_PREFIX=/home/ubuntu/Desktop/MC_ws/install/impedance_control
[1.162s] Invoking command in '/home/ubuntu/Desktop/MC_ws/build/impedance_control': CMAKE_PREFIX_PATH=${CMAKE_PREFIX_PATH}:/home/ubuntu/Desktop/MC_ws/install/Visualize:/opt/ros/humble /usr/bin/cmake --build /home/ubuntu/Desktop/MC_ws/build/impedance_control -- -j8 -l8
[1.228s] [35m[1mConsolidate compiler generated dependencies of target impedance_control_node[0m
[1.283s] [100%] Built target impedance_control_node
[1.331s] Invoked command in '/home/ubuntu/Desktop/MC_ws/build/impedance_control' returned '0': CMAKE_PREFIX_PATH=${CMAKE_PREFIX_PATH}:/home/ubuntu/Desktop/MC_ws/install/Visualize:/opt/ros/humble /usr/bin/cmake --build /home/ubuntu/Desktop/MC_ws/build/impedance_control -- -j8 -l8
[1.332s] Invoking command in '/home/ubuntu/Desktop/MC_ws/build/impedance_control': CMAKE_PREFIX_PATH=${CMAKE_PREFIX_PATH}:/home/ubuntu/Desktop/MC_ws/install/Visualize:/opt/ros/humble /usr/bin/cmake --install /home/ubuntu/Desktop/MC_ws/build/impedance_control
[1.346s] -- Install configuration: ""
[1.346s] -- Execute custom install script
[1.347s] -- Up-to-date symlink: /home/ubuntu/Desktop/MC_ws/install/impedance_control/lib/impedance_control/impedance_control_node
[1.347s] -- Up-to-date symlink: /home/ubuntu/Desktop/MC_ws/install/impedance_control/share/impedance_control//impedance_control.launch.py
[1.348s] -- Up-to-date symlink: /home/ubuntu/Desktop/MC_ws/install/impedance_control/share/ament_index/resource_index/package_run_dependencies/impedance_control
[1.351s] -- Up-to-date symlink: /home/ubuntu/Desktop/MC_ws/install/impedance_control/share/ament_index/resource_index/parent_prefix_path/impedance_control
[1.352s] -- Up-to-date symlink: /home/ubuntu/Desktop/MC_ws/install/impedance_control/share/impedance_control/environment/ament_prefix_path.sh
[1.352s] -- Up-to-date symlink: /home/ubuntu/Desktop/MC_ws/install/impedance_control/share/impedance_control/environment/ament_prefix_path.dsv
[1.352s] -- Up-to-date symlink: /home/ubuntu/Desktop/MC_ws/install/impedance_control/share/impedance_control/environment/path.sh
[1.352s] -- Up-to-date symlink: /home/ubuntu/Desktop/MC_ws/install/impedance_control/share/impedance_control/environment/path.dsv
[1.352s] -- Up-to-date symlink: /home/ubuntu/Desktop/MC_ws/install/impedance_control/share/impedance_control/local_setup.bash
[1.352s] -- Up-to-date symlink: /home/ubuntu/Desktop/MC_ws/install/impedance_control/share/impedance_control/local_setup.sh
[1.352s] -- Up-to-date symlink: /home/ubuntu/Desktop/MC_ws/install/impedance_control/share/impedance_control/local_setup.zsh
[1.352s] -- Up-to-date symlink: /home/ubuntu/Desktop/MC_ws/install/impedance_control/share/impedance_control/local_setup.dsv
[1.353s] -- Symlinking: /home/ubuntu/Desktop/MC_ws/install/impedance_control/share/impedance_control/package.dsv
[1.368s] -- Up-to-date symlink: /home/ubuntu/Desktop/MC_ws/install/impedance_control/share/ament_index/resource_index/packages/impedance_control
[1.369s] -- Up-to-date symlink: /home/ubuntu/Desktop/MC_ws/install/impedance_control/share/impedance_control/cmake/impedance_controlConfig.cmake
[1.369s] -- Up-to-date symlink: /home/ubuntu/Desktop/MC_ws/install/impedance_control/share/impedance_control/cmake/impedance_controlConfig-version.cmake
[1.370s] -- Up-to-date symlink: /home/ubuntu/Desktop/MC_ws/install/impedance_control/share/impedance_control/package.xml
[1.374s] Invoked command in '/home/ubuntu/Desktop/MC_ws/build/impedance_control' returned '0': CMAKE_PREFIX_PATH=${CMAKE_PREFIX_PATH}:/home/ubuntu/Desktop/MC_ws/install/Visualize:/opt/ros/humble /usr/bin/cmake --install /home/ubuntu/Desktop/MC_ws/build/impedance_control
