[1.682s] Invoking command in '/home/ubuntu/Desktop/MC_ws/src/Visualize': PYTHONPATH=/home/ubuntu/Desktop/MC_ws/build/Visualize/prefix_override:/usr/lib/python3/dist-packages/colcon_core/task/python/colcon_distutils_commands:/home/ubuntu/Desktop/MC_ws/install/Visualize/lib/python3.10/site-packages:${PYTHONPATH} VIRTUAL_ENV_PROMPT=(myenv) /usr/bin/python3 -W ignore:setup.py install is deprecated -W ignore:easy_install command is deprecated setup.py egg_info --egg-base ../../build/Visualize build --build-base /home/ubuntu/Desktop/MC_ws/build/Visualize/build install --record /home/ubuntu/Desktop/MC_ws/build/Visualize/install.log --single-version-externally-managed
[2.226s] running egg_info
[2.227s] creating ../../build/Visualize/Visualize.egg-info
[2.229s] writing ../../build/Visualize/Visualize.egg-info/PKG-INFO
[2.230s] writing dependency_links to ../../build/Visualize/Visualize.egg-info/dependency_links.txt
[2.230s] writing entry points to ../../build/Visualize/Visualize.egg-info/entry_points.txt
[2.230s] writing requirements to ../../build/Visualize/Visualize.egg-info/requires.txt
[2.230s] writing top-level names to ../../build/Visualize/Visualize.egg-info/top_level.txt
[2.230s] writing manifest file '../../build/Visualize/Visualize.egg-info/SOURCES.txt'
[2.232s] reading manifest file '../../build/Visualize/Visualize.egg-info/SOURCES.txt'
[2.234s] writing manifest file '../../build/Visualize/Visualize.egg-info/SOURCES.txt'
[2.234s] running build
[2.234s] running build_py
[2.234s] creating /home/ubuntu/Desktop/MC_ws/build/Visualize/build
[2.234s] creating /home/ubuntu/Desktop/MC_ws/build/Visualize/build/lib
[2.235s] creating /home/ubuntu/Desktop/MC_ws/build/Visualize/build/lib/Visualize
[2.236s] copying Visualize/data_plot.py -> /home/ubuntu/Desktop/MC_ws/build/Visualize/build/lib/Visualize
[2.236s] copying Visualize/__init__.py -> /home/ubuntu/Desktop/MC_ws/build/Visualize/build/lib/Visualize
[2.236s] running install
[2.238s] running install_lib
[2.238s] creating /home/ubuntu/Desktop/MC_ws/install/Visualize/lib/python3.10/site-packages/Visualize
[2.238s] copying /home/ubuntu/Desktop/MC_ws/build/Visualize/build/lib/Visualize/data_plot.py -> /home/ubuntu/Desktop/MC_ws/install/Visualize/lib/python3.10/site-packages/Visualize
[2.238s] copying /home/ubuntu/Desktop/MC_ws/build/Visualize/build/lib/Visualize/__init__.py -> /home/ubuntu/Desktop/MC_ws/install/Visualize/lib/python3.10/site-packages/Visualize
[2.239s] byte-compiling /home/ubuntu/Desktop/MC_ws/install/Visualize/lib/python3.10/site-packages/Visualize/data_plot.py to data_plot.cpython-310.pyc
[2.240s] byte-compiling /home/ubuntu/Desktop/MC_ws/install/Visualize/lib/python3.10/site-packages/Visualize/__init__.py to __init__.cpython-310.pyc
[2.242s] running install_egg_info
[2.244s] Copying ../../build/Visualize/Visualize.egg-info to /home/ubuntu/Desktop/MC_ws/install/Visualize/lib/python3.10/site-packages/Visualize-0.0.1-py3.10.egg-info
[2.245s] running install_scripts
[2.290s] Installing data_plot script to /home/ubuntu/Desktop/MC_ws/install/Visualize/lib/Visualize
[2.290s] writing list of installed files to '/home/ubuntu/Desktop/MC_ws/build/Visualize/install.log'
[2.341s] Invoked command in '/home/ubuntu/Desktop/MC_ws/src/Visualize' returned '0': PYTHONPATH=/home/ubuntu/Desktop/MC_ws/build/Visualize/prefix_override:/usr/lib/python3/dist-packages/colcon_core/task/python/colcon_distutils_commands:/home/ubuntu/Desktop/MC_ws/install/Visualize/lib/python3.10/site-packages:${PYTHONPATH} VIRTUAL_ENV_PROMPT=(myenv) /usr/bin/python3 -W ignore:setup.py install is deprecated -W ignore:easy_install command is deprecated setup.py egg_info --egg-base ../../build/Visualize build --build-base /home/ubuntu/Desktop/MC_ws/build/Visualize/build install --record /home/ubuntu/Desktop/MC_ws/build/Visualize/install.log --single-version-externally-managed
