[0.451s] Invoking command in '/home/ubuntu/Desktop/MC_ws/build/data_pub': CMAKE_PREFIX_PATH=/opt/ros/humble /usr/bin/cmake --build /home/ubuntu/Desktop/MC_ws/build/data_pub -- -j8 -l8
[0.695s] [100%] Built target data_pub_node
[0.708s] Invoked command in '/home/ubuntu/Desktop/MC_ws/build/data_pub' returned '0': CMAKE_PREFIX_PATH=/opt/ros/humble /usr/bin/cmake --build /home/ubuntu/Desktop/MC_ws/build/data_pub -- -j8 -l8
[0.710s] Invoking command in '/home/ubuntu/Desktop/MC_ws/build/data_pub': CMAKE_PREFIX_PATH=/opt/ros/humble /usr/bin/cmake --install /home/ubuntu/Desktop/MC_ws/build/data_pub
[0.719s] -- Install configuration: ""
[0.719s] -- Up-to-date: /home/ubuntu/Desktop/MC_ws/install/data_pub/lib/data_pub/data_pub_node
[0.719s] -- Up-to-date: /home/ubuntu/Desktop/MC_ws/install/data_pub/share/ament_index/resource_index/package_run_dependencies/data_pub
[0.720s] -- Up-to-date: /home/ubuntu/Desktop/MC_ws/install/data_pub/share/ament_index/resource_index/parent_prefix_path/data_pub
[0.720s] -- Up-to-date: /home/ubuntu/Desktop/MC_ws/install/data_pub/share/data_pub/environment/ament_prefix_path.sh
[0.720s] -- Up-to-date: /home/ubuntu/Desktop/MC_ws/install/data_pub/share/data_pub/environment/ament_prefix_path.dsv
[0.720s] -- Up-to-date: /home/ubuntu/Desktop/MC_ws/install/data_pub/share/data_pub/environment/path.sh
[0.720s] -- Up-to-date: /home/ubuntu/Desktop/MC_ws/install/data_pub/share/data_pub/environment/path.dsv
[0.720s] -- Up-to-date: /home/ubuntu/Desktop/MC_ws/install/data_pub/share/data_pub/local_setup.bash
[0.720s] -- Up-to-date: /home/ubuntu/Desktop/MC_ws/install/data_pub/share/data_pub/local_setup.sh
[0.721s] -- Up-to-date: /home/ubuntu/Desktop/MC_ws/install/data_pub/share/data_pub/local_setup.zsh
[0.721s] -- Up-to-date: /home/ubuntu/Desktop/MC_ws/install/data_pub/share/data_pub/local_setup.dsv
[0.721s] -- Installing: /home/ubuntu/Desktop/MC_ws/install/data_pub/share/data_pub/package.dsv
[0.721s] -- Up-to-date: /home/ubuntu/Desktop/MC_ws/install/data_pub/share/ament_index/resource_index/packages/data_pub
[0.721s] -- Up-to-date: /home/ubuntu/Desktop/MC_ws/install/data_pub/share/data_pub/cmake/data_pubConfig.cmake
[0.721s] -- Up-to-date: /home/ubuntu/Desktop/MC_ws/install/data_pub/share/data_pub/cmake/data_pubConfig-version.cmake
[0.722s] -- Up-to-date: /home/ubuntu/Desktop/MC_ws/install/data_pub/share/data_pub/package.xml
[0.723s] Invoked command in '/home/ubuntu/Desktop/MC_ws/build/data_pub' returned '0': CMAKE_PREFIX_PATH=/opt/ros/humble /usr/bin/cmake --install /home/ubuntu/Desktop/MC_ws/build/data_pub
