[35m[1mConsolidate compiler generated dependencies of target impedance_control_node[0m
[ 50%] [32mBuilding CXX object CMakeFiles/impedance_control_node.dir/src/impedance_control_node.cpp.o[0m
In file included from [01m[K/usr/include/c++/11/memory:76[m[K,
                 from [01m[K/opt/ros/humble/include/rclcpp/rclcpp/rclcpp.hpp:153[m[K,
                 from [01m[K/home/ubuntu/Desktop/MC_ws/src/Control/Impedance_controller/src/impedance_control_node.cpp:170[m[K:
/usr/include/c++/11/bits/unique_ptr.h: In instantiation of ‘[01m[Ktypename std::_MakeUniq<_Tp>::__single_object std::make_unique(_Args&& ...) [with _Tp = ImpedanceController::NodeData; _Args = {int&, double&, double&, double&, double&, double&, double&, double&, std::shared_ptr<rclcpp::Node>}; typename std::_MakeUniq<_Tp>::__single_object = std::unique_ptr<ImpedanceController::NodeData>][m[K’:
[01m[K/home/ubuntu/Desktop/MC_ws/src/Control/Impedance_controller/src/impedance_control_node.cpp:247:55:[m[K   required from here
[01m[K/usr/include/c++/11/bits/unique_ptr.h:962:30:[m[K [01;31m[Kerror: [m[Kno matching function for call to ‘[01m[KImpedanceController::NodeData::NodeData(int&, double&, double&, double&, double&, double&, double&, double&, std::shared_ptr<rclcpp::Node>)[m[K’
  962 | n unique_ptr<_Tp>([01;31m[Knew _Tp(std::forward<_Args>(__args)...)[m[K); }
      |                   [01;31m[K^~~~~~~~~~~~~~~~~~~~~~~~~~~~~~~~~~~~~~~[m[K

[01m[K/home/ubuntu/Desktop/MC_ws/src/Control/Impedance_controller/src/impedance_control_node.cpp:210:9:[m[K [01;36m[Knote: [m[Kcandidate: ‘[01m[KImpedanceController::NodeData::NodeData(int, double, double, double, double, double, double, double, std::shared_ptr<ImpedanceController>)[m[K’
  210 |         [01;36m[KNodeData[m[K(int id, double kp, double kd, double m, double torque_lim,
      |         [01;36m[K^~~~~~~~[m[K
[01m[K/home/ubuntu/Desktop/MC_ws/src/Control/Impedance_controller/src/impedance_control_node.cpp:212:55:[m[K [01;36m[Knote: [m[K  no known conversion for argument 9 from ‘[01m[Kshared_ptr<[01;32m[Krclcpp::Node[m[K>[m[K’ to ‘[01m[Kshared_ptr<[01;32m[KImpedanceController[m[K>[m[K’
  212 | [01;36m[KedanceController> controller[m[K)
      | [01;36m[K~~~~~~~~~~~~~~~~~~^~~~~~~~~~[m[K

[01m[K/home/ubuntu/Desktop/MC_ws/src/Control/Impedance_controller/src/impedance_control_node.cpp:187:12:[m[K [01;36m[Knote: [m[Kcandidate: ‘[01m[KImpedanceController::NodeData::NodeData(const ImpedanceController::NodeData&)[m[K’
  187 |     struct [01;36m[KNodeData[m[K {
      |            [01;36m[K^~~~~~~~[m[K
[01m[K/home/ubuntu/Desktop/MC_ws/src/Control/Impedance_controller/src/impedance_control_node.cpp:187:12:[m[K [01;36m[Knote: [m[K  candidate expects 1 argument, 9 provided
[01m[K/home/ubuntu/Desktop/MC_ws/src/Control/Impedance_controller/src/impedance_control_node.cpp:187:12:[m[K [01;36m[Knote: [m[Kcandidate: ‘[01m[KImpedanceController::NodeData::NodeData(ImpedanceController::NodeData&&)[m[K’
[01m[K/home/ubuntu/Desktop/MC_ws/src/Control/Impedance_controller/src/impedance_control_node.cpp:187:12:[m[K [01;36m[Knote: [m[K  candidate expects 1 argument, 9 provided
gmake[2]: *** [CMakeFiles/impedance_control_node.dir/build.make:76: CMakeFiles/impedance_control_node.dir/src/impedance_control_node.cpp.o] Error 1
gmake[1]: *** [CMakeFiles/Makefile2:137: CMakeFiles/impedance_control_node.dir/all] Error 2
gmake: *** [Makefile:146: all] Error 2
