[0.009s] Invoking command in '/home/ubuntu/Desktop/MC_ws/build/odrive_can_control': CMAKE_PREFIX_PATH=${CMAKE_PREFIX_PATH}:/home/ubuntu/Desktop/MC_ws/install/Visualize:/opt/ros/humble /usr/bin/cmake /home/ubuntu/Desktop/MC_ws/src/odrive_can_control -DCMAKE_INSTALL_PREFIX=/home/ubuntu/Desktop/MC_ws/install/odrive_can_control
[0.020s] -- Found ament_cmake: 1.3.11 (/opt/ros/humble/share/ament_cmake/cmake)
[0.113s] -- Override CMake install command with custom implementation using symlinks instead of copying resources
[0.124s] -- Found rclcpp: 16.0.11 (/opt/ros/humble/share/rclcpp/cmake)
[0.151s] -- Found rosidl_generator_c: 3.1.6 (/opt/ros/humble/share/rosidl_generator_c/cmake)
[0.153s] -- Found rosidl_adapter: 3.1.6 (/opt/ros/humble/share/rosidl_adapter/cmake)
[0.159s] -- Found rosidl_generator_cpp: 3.1.6 (/opt/ros/humble/share/rosidl_generator_cpp/cmake)
[0.168s] -- Using all available rosidl_typesupport_c: rosidl_typesupport_fastrtps_c;rosidl_typesupport_introspection_c
[0.179s] -- Using all available rosidl_typesupport_cpp: rosidl_typesupport_fastrtps_cpp;rosidl_typesupport_introspection_cpp
[0.207s] -- Found rmw_implementation_cmake: 6.1.2 (/opt/ros/humble/share/rmw_implementation_cmake/cmake)
[0.209s] -- Found rmw_cyclonedds_cpp: 1.3.4 (/opt/ros/humble/share/rmw_cyclonedds_cpp/cmake)
[0.227s] -- Using RMW implementation 'rmw_cyclonedds_cpp' as default
[0.339s] -- Configuring done
[0.356s] -- Generating done
[0.363s] -- Build files have been written to: /home/ubuntu/Desktop/MC_ws/build/odrive_can_control
[0.367s] Invoked command in '/home/ubuntu/Desktop/MC_ws/build/odrive_can_control' returned '0': CMAKE_PREFIX_PATH=${CMAKE_PREFIX_PATH}:/home/ubuntu/Desktop/MC_ws/install/Visualize:/opt/ros/humble /usr/bin/cmake /home/ubuntu/Desktop/MC_ws/src/odrive_can_control -DCMAKE_INSTALL_PREFIX=/home/ubuntu/Desktop/MC_ws/install/odrive_can_control
[0.369s] Invoking command in '/home/ubuntu/Desktop/MC_ws/build/odrive_can_control': CMAKE_PREFIX_PATH=${CMAKE_PREFIX_PATH}:/home/ubuntu/Desktop/MC_ws/install/Visualize:/opt/ros/humble /usr/bin/cmake --build /home/ubuntu/Desktop/MC_ws/build/odrive_can_control -- -j8 -l8
[0.399s] [35m[1mConsolidate compiler generated dependencies of target odrive_initializer[0m
[0.399s] [35m[1mConsolidate compiler generated dependencies of target velocity_controller[0m
[0.400s] [35m[1mConsolidate compiler generated dependencies of target impedance_multi_control[0m
[0.401s] [35m[1mConsolidate compiler generated dependencies of target odrive_can_node[0m
[0.402s] [35m[1mConsolidate compiler generated dependencies of target read_param[0m
[0.413s] [ 20%] Built target impedance_multi_control
[0.414s] [ 30%] [32mBuilding CXX object CMakeFiles/odrive_initializer.dir/src/odrive_initializer.cpp.o[0m
[0.416s] [ 50%] Built target velocity_controller
[0.416s] [ 70%] Built target read_param
[0.419s] [ 90%] Built target odrive_can_node
[2.631s] [100%] [32m[1mLinking CXX executable odrive_initializer[0m
[2.723s] [100%] Built target odrive_initializer
[2.735s] Invoked command in '/home/ubuntu/Desktop/MC_ws/build/odrive_can_control' returned '0': CMAKE_PREFIX_PATH=${CMAKE_PREFIX_PATH}:/home/ubuntu/Desktop/MC_ws/install/Visualize:/opt/ros/humble /usr/bin/cmake --build /home/ubuntu/Desktop/MC_ws/build/odrive_can_control -- -j8 -l8
[2.743s] Invoking command in '/home/ubuntu/Desktop/MC_ws/build/odrive_can_control': CMAKE_PREFIX_PATH=${CMAKE_PREFIX_PATH}:/home/ubuntu/Desktop/MC_ws/install/Visualize:/opt/ros/humble /usr/bin/cmake --install /home/ubuntu/Desktop/MC_ws/build/odrive_can_control
[2.747s] -- Install configuration: ""
[2.748s] -- Execute custom install script
[2.748s] -- Up-to-date symlink: /home/ubuntu/Desktop/MC_ws/install/odrive_can_control/lib/odrive_can_control/odrive_can_node
[2.748s] -- Up-to-date symlink: /home/ubuntu/Desktop/MC_ws/install/odrive_can_control/lib/odrive_can_control/odrive_initializer
[2.748s] -- Up-to-date symlink: /home/ubuntu/Desktop/MC_ws/install/odrive_can_control/lib/odrive_can_control/velocity_controller
[2.748s] -- Up-to-date symlink: /home/ubuntu/Desktop/MC_ws/install/odrive_can_control/lib/odrive_can_control/impedance_multi_control
[2.748s] -- Up-to-date symlink: /home/ubuntu/Desktop/MC_ws/install/odrive_can_control/lib/odrive_can_control/read_param
[2.748s] -- Up-to-date symlink: /home/ubuntu/Desktop/MC_ws/install/odrive_can_control/share/odrive_can_control/launch/odrive_initializer.launch.py
[2.748s] -- Up-to-date symlink: /home/ubuntu/Desktop/MC_ws/install/odrive_can_control/share/ament_index/resource_index/package_run_dependencies/odrive_can_control
[2.748s] -- Up-to-date symlink: /home/ubuntu/Desktop/MC_ws/install/odrive_can_control/share/ament_index/resource_index/parent_prefix_path/odrive_can_control
[2.749s] -- Up-to-date symlink: /home/ubuntu/Desktop/MC_ws/install/odrive_can_control/share/odrive_can_control/environment/ament_prefix_path.sh
[2.749s] -- Up-to-date symlink: /home/ubuntu/Desktop/MC_ws/install/odrive_can_control/share/odrive_can_control/environment/ament_prefix_path.dsv
[2.749s] -- Up-to-date symlink: /home/ubuntu/Desktop/MC_ws/install/odrive_can_control/share/odrive_can_control/environment/path.sh
[2.749s] -- Up-to-date symlink: /home/ubuntu/Desktop/MC_ws/install/odrive_can_control/share/odrive_can_control/environment/path.dsv
[2.749s] -- Up-to-date symlink: /home/ubuntu/Desktop/MC_ws/install/odrive_can_control/share/odrive_can_control/local_setup.bash
[2.749s] -- Up-to-date symlink: /home/ubuntu/Desktop/MC_ws/install/odrive_can_control/share/odrive_can_control/local_setup.sh
[2.749s] -- Up-to-date symlink: /home/ubuntu/Desktop/MC_ws/install/odrive_can_control/share/odrive_can_control/local_setup.zsh
[2.749s] -- Up-to-date symlink: /home/ubuntu/Desktop/MC_ws/install/odrive_can_control/share/odrive_can_control/local_setup.dsv
[2.749s] -- Symlinking: /home/ubuntu/Desktop/MC_ws/install/odrive_can_control/share/odrive_can_control/package.dsv
[2.757s] -- Up-to-date symlink: /home/ubuntu/Desktop/MC_ws/install/odrive_can_control/share/ament_index/resource_index/packages/odrive_can_control
[2.757s] -- Up-to-date symlink: /home/ubuntu/Desktop/MC_ws/install/odrive_can_control/share/odrive_can_control/cmake/odrive_can_controlConfig.cmake
[2.757s] -- Up-to-date symlink: /home/ubuntu/Desktop/MC_ws/install/odrive_can_control/share/odrive_can_control/cmake/odrive_can_controlConfig-version.cmake
[2.757s] -- Up-to-date symlink: /home/ubuntu/Desktop/MC_ws/install/odrive_can_control/share/odrive_can_control/package.xml
[2.758s] Invoked command in '/home/ubuntu/Desktop/MC_ws/build/odrive_can_control' returned '0': CMAKE_PREFIX_PATH=${CMAKE_PREFIX_PATH}:/home/ubuntu/Desktop/MC_ws/install/Visualize:/opt/ros/humble /usr/bin/cmake --install /home/ubuntu/Desktop/MC_ws/build/odrive_can_control
