[0.793s] Invoking command in '/home/ubuntu/Desktop/MC_ws/build/odrive_can_control': CMAKE_PREFIX_PATH=${CMAKE_PREFIX_PATH}:/home/ubuntu/Desktop/MC_ws/install/Visualize:/opt/ros/humble /usr/bin/cmake --build /home/ubuntu/Desktop/MC_ws/build/odrive_can_control -- -j8 -l8
[0.869s] [ 20%] Built target odrive_can_node
[0.885s] [ 40%] Built target odrive_initializer
[0.899s] [ 80%] Built target velocity_controller
[0.900s] [ 80%] Built target read_param
[0.900s] [100%] Built target impedance_multi_control
[0.923s] Invoked command in '/home/ubuntu/Desktop/MC_ws/build/odrive_can_control' returned '0': CMAKE_PREFIX_PATH=${CMAKE_PREFIX_PATH}:/home/ubuntu/Desktop/MC_ws/install/Visualize:/opt/ros/humble /usr/bin/cmake --build /home/ubuntu/Desktop/MC_ws/build/odrive_can_control -- -j8 -l8
[0.934s] Invoking command in '/home/ubuntu/Desktop/MC_ws/build/odrive_can_control': CMAKE_PREFIX_PATH=${CMAKE_PREFIX_PATH}:/home/ubuntu/Desktop/MC_ws/install/Visualize:/opt/ros/humble /usr/bin/cmake --install /home/ubuntu/Desktop/MC_ws/build/odrive_can_control
[0.948s] -- Install configuration: ""
[0.948s] -- Execute custom install script
[0.949s] -- Up-to-date symlink: /home/ubuntu/Desktop/MC_ws/install/odrive_can_control/lib/odrive_can_control/odrive_can_node
[0.950s] -- Up-to-date symlink: /home/ubuntu/Desktop/MC_ws/install/odrive_can_control/lib/odrive_can_control/odrive_initializer
[0.950s] -- Up-to-date symlink: /home/ubuntu/Desktop/MC_ws/install/odrive_can_control/lib/odrive_can_control/velocity_controller
[0.952s] -- Up-to-date symlink: /home/ubuntu/Desktop/MC_ws/install/odrive_can_control/lib/odrive_can_control/impedance_multi_control
[0.952s] -- Up-to-date symlink: /home/ubuntu/Desktop/MC_ws/install/odrive_can_control/lib/odrive_can_control/read_param
[0.953s] -- Up-to-date symlink: /home/ubuntu/Desktop/MC_ws/install/odrive_can_control/share/odrive_can_control/launch/odrive_initializer.launch.py
[0.953s] -- Up-to-date symlink: /home/ubuntu/Desktop/MC_ws/install/odrive_can_control/share/ament_index/resource_index/package_run_dependencies/odrive_can_control
[0.953s] -- Up-to-date symlink: /home/ubuntu/Desktop/MC_ws/install/odrive_can_control/share/ament_index/resource_index/parent_prefix_path/odrive_can_control
[0.954s] -- Up-to-date symlink: /home/ubuntu/Desktop/MC_ws/install/odrive_can_control/share/odrive_can_control/environment/ament_prefix_path.sh
[0.954s] -- Up-to-date symlink: /home/ubuntu/Desktop/MC_ws/install/odrive_can_control/share/odrive_can_control/environment/ament_prefix_path.dsv
[0.954s] -- Up-to-date symlink: /home/ubuntu/Desktop/MC_ws/install/odrive_can_control/share/odrive_can_control/environment/path.sh
[0.954s] -- Up-to-date symlink: /home/ubuntu/Desktop/MC_ws/install/odrive_can_control/share/odrive_can_control/environment/path.dsv
[0.961s] -- Up-to-date symlink: /home/ubuntu/Desktop/MC_ws/install/odrive_can_control/share/odrive_can_control/local_setup.bash
[0.961s] -- Up-to-date symlink: /home/ubuntu/Desktop/MC_ws/install/odrive_can_control/share/odrive_can_control/local_setup.sh
[0.961s] -- Up-to-date symlink: /home/ubuntu/Desktop/MC_ws/install/odrive_can_control/share/odrive_can_control/local_setup.zsh
[0.961s] -- Up-to-date symlink: /home/ubuntu/Desktop/MC_ws/install/odrive_can_control/share/odrive_can_control/local_setup.dsv
[0.961s] -- Symlinking: /home/ubuntu/Desktop/MC_ws/install/odrive_can_control/share/odrive_can_control/package.dsv
[0.975s] -- Up-to-date symlink: /home/ubuntu/Desktop/MC_ws/install/odrive_can_control/share/ament_index/resource_index/packages/odrive_can_control
[0.977s] -- Up-to-date symlink: /home/ubuntu/Desktop/MC_ws/install/odrive_can_control/share/odrive_can_control/cmake/odrive_can_controlConfig.cmake
[0.977s] -- Up-to-date symlink: /home/ubuntu/Desktop/MC_ws/install/odrive_can_control/share/odrive_can_control/cmake/odrive_can_controlConfig-version.cmake
[0.979s] -- Up-to-date symlink: /home/ubuntu/Desktop/MC_ws/install/odrive_can_control/share/odrive_can_control/package.xml
[0.986s] Invoked command in '/home/ubuntu/Desktop/MC_ws/build/odrive_can_control' returned '0': CMAKE_PREFIX_PATH=${CMAKE_PREFIX_PATH}:/home/ubuntu/Desktop/MC_ws/install/Visualize:/opt/ros/humble /usr/bin/cmake --install /home/ubuntu/Desktop/MC_ws/build/odrive_can_control
