-- Found ament_cmake: 1.3.11 (/opt/ros/humble/share/ament_cmake/cmake)
-- Override CMake install command with custom implementation using symlinks instead of copying resources
-- Found rclcpp: 16.0.11 (/opt/ros/humble/share/rclcpp/cmake)
-- Found rosidl_generator_c: 3.1.6 (/opt/ros/humble/share/rosidl_generator_c/cmake)
-- Found rosidl_adapter: 3.1.6 (/opt/ros/humble/share/rosidl_adapter/cmake)
-- Found rosidl_generator_cpp: 3.1.6 (/opt/ros/humble/share/rosidl_generator_cpp/cmake)
-- Using all available rosidl_typesupport_c: rosidl_typesupport_fastrtps_c;rosidl_typesupport_introspection_c
-- Using all available rosidl_typesupport_cpp: rosidl_typesupport_fastrtps_cpp;rosidl_typesupport_introspection_cpp
-- Found rmw_implementation_cmake: 6.1.2 (/opt/ros/humble/share/rmw_implementation_cmake/cmake)
-- Found rmw_cyclonedds_cpp: 1.3.4 (/opt/ros/humble/share/rmw_cyclonedds_cpp/cmake)
-- Using RMW implementation 'rmw_cyclonedds_cpp' as default
-- Configuring done
-- Generating done
-- Build files have been written to: /home/ubuntu/Desktop/MC_ws/build/data_pub
[35m[1mConsolidate compiler generated dependencies of target data_pub_node[0m
[ 50%] [32m[1mLinking CXX executable data_pub_node[0m
[100%] Built target data_pub_node
-- Install configuration: ""
-- Execute custom install script
-- Symlinking: /home/ubuntu/Desktop/MC_ws/install/data_pub/lib/data_pub/data_pub_node
-- Symlinking: /home/ubuntu/Desktop/MC_ws/install/data_pub/share/ament_index/resource_index/package_run_dependencies/data_pub
-- Symlinking: /home/ubuntu/Desktop/MC_ws/install/data_pub/share/ament_index/resource_index/parent_prefix_path/data_pub
-- Symlinking: /home/ubuntu/Desktop/MC_ws/install/data_pub/share/data_pub/environment/ament_prefix_path.sh
-- Symlinking: /home/ubuntu/Desktop/MC_ws/install/data_pub/share/data_pub/environment/ament_prefix_path.dsv
-- Symlinking: /home/ubuntu/Desktop/MC_ws/install/data_pub/share/data_pub/environment/path.sh
-- Symlinking: /home/ubuntu/Desktop/MC_ws/install/data_pub/share/data_pub/environment/path.dsv
-- Symlinking: /home/ubuntu/Desktop/MC_ws/install/data_pub/share/data_pub/local_setup.bash
-- Symlinking: /home/ubuntu/Desktop/MC_ws/install/data_pub/share/data_pub/local_setup.sh
-- Symlinking: /home/ubuntu/Desktop/MC_ws/install/data_pub/share/data_pub/local_setup.zsh
-- Symlinking: /home/ubuntu/Desktop/MC_ws/install/data_pub/share/data_pub/local_setup.dsv
-- Symlinking: /home/ubuntu/Desktop/MC_ws/install/data_pub/share/data_pub/package.dsv
-- Symlinking: /home/ubuntu/Desktop/MC_ws/install/data_pub/share/ament_index/resource_index/packages/data_pub
-- Symlinking: /home/ubuntu/Desktop/MC_ws/install/data_pub/share/data_pub/cmake/data_pubConfig.cmake
-- Symlinking: /home/ubuntu/Desktop/MC_ws/install/data_pub/share/data_pub/cmake/data_pubConfig-version.cmake
-- Symlinking: /home/ubuntu/Desktop/MC_ws/install/data_pub/share/data_pub/package.xml
