[0.451s] Invoking command in '/home/ubuntu/Desktop/MC_ws/build/data_pub': CMAKE_PREFIX_PATH=${CMAKE_PREFIX_PATH}:/home/ubuntu/Desktop/MC_ws/install/Visualize:/opt/ros/humble /usr/bin/cmake --build /home/ubuntu/Desktop/MC_ws/build/data_pub -- -j8 -l8
[0.787s] [35m[1mConsolidate compiler generated dependencies of target data_pub_node[0m
[0.788s] [ 50%] [32mBuilding CXX object CMakeFiles/data_pub_node.dir/src/data_pub_node.cpp.o[0m
[4.321s] [100%] [32m[1mLinking CXX executable data_pub_node[0m
[4.495s] [100%] Built target data_pub_node
[4.505s] Invoked command in '/home/ubuntu/Desktop/MC_ws/build/data_pub' returned '0': CMAKE_PREFIX_PATH=${CMAKE_PREFIX_PATH}:/home/ubuntu/Desktop/MC_ws/install/Visualize:/opt/ros/humble /usr/bin/cmake --build /home/ubuntu/Desktop/MC_ws/build/data_pub -- -j8 -l8
[4.507s] Invoking command in '/home/ubuntu/Desktop/MC_ws/build/data_pub': CMAKE_PREFIX_PATH=${CMAKE_PREFIX_PATH}:/home/ubuntu/Desktop/MC_ws/install/Visualize:/opt/ros/humble /usr/bin/cmake --install /home/ubuntu/Desktop/MC_ws/build/data_pub
[4.512s] -- Install configuration: ""
[4.512s] -- Installing: /home/ubuntu/Desktop/MC_ws/install/data_pub/lib/data_pub/data_pub_node
[4.514s] -- Set runtime path of "/home/ubuntu/Desktop/MC_ws/install/data_pub/lib/data_pub/data_pub_node" to ""
[4.515s] -- Up-to-date: /home/ubuntu/Desktop/MC_ws/install/data_pub/share/ament_index/resource_index/package_run_dependencies/data_pub
[4.515s] -- Up-to-date: /home/ubuntu/Desktop/MC_ws/install/data_pub/share/ament_index/resource_index/parent_prefix_path/data_pub
[4.515s] -- Up-to-date: /home/ubuntu/Desktop/MC_ws/install/data_pub/share/data_pub/environment/ament_prefix_path.sh
[4.515s] -- Up-to-date: /home/ubuntu/Desktop/MC_ws/install/data_pub/share/data_pub/environment/ament_prefix_path.dsv
[4.515s] -- Up-to-date: /home/ubuntu/Desktop/MC_ws/install/data_pub/share/data_pub/environment/path.sh
[4.515s] -- Up-to-date: /home/ubuntu/Desktop/MC_ws/install/data_pub/share/data_pub/environment/path.dsv
[4.515s] -- Up-to-date: /home/ubuntu/Desktop/MC_ws/install/data_pub/share/data_pub/local_setup.bash
[4.515s] -- Up-to-date: /home/ubuntu/Desktop/MC_ws/install/data_pub/share/data_pub/local_setup.sh
[4.515s] -- Up-to-date: /home/ubuntu/Desktop/MC_ws/install/data_pub/share/data_pub/local_setup.zsh
[4.515s] -- Up-to-date: /home/ubuntu/Desktop/MC_ws/install/data_pub/share/data_pub/local_setup.dsv
[4.515s] -- Installing: /home/ubuntu/Desktop/MC_ws/install/data_pub/share/data_pub/package.dsv
[4.516s] -- Up-to-date: /home/ubuntu/Desktop/MC_ws/install/data_pub/share/ament_index/resource_index/packages/data_pub
[4.516s] -- Up-to-date: /home/ubuntu/Desktop/MC_ws/install/data_pub/share/data_pub/cmake/data_pubConfig.cmake
[4.516s] -- Up-to-date: /home/ubuntu/Desktop/MC_ws/install/data_pub/share/data_pub/cmake/data_pubConfig-version.cmake
[4.516s] -- Up-to-date: /home/ubuntu/Desktop/MC_ws/install/data_pub/share/data_pub/package.xml
[4.518s] Invoked command in '/home/ubuntu/Desktop/MC_ws/build/data_pub' returned '0': CMAKE_PREFIX_PATH=${CMAKE_PREFIX_PATH}:/home/ubuntu/Desktop/MC_ws/install/Visualize:/opt/ros/humble /usr/bin/cmake --install /home/ubuntu/Desktop/MC_ws/build/data_pub
