[1.788s] Invoking command in '/home/ubuntu/Desktop/MC_ws/src/Visualize': PYTHONPATH=/home/ubuntu/Desktop/MC_ws/build/Visualize/prefix_override:/usr/lib/python3/dist-packages/colcon_core/task/python/colcon_distutils_commands:/home/ubuntu/Desktop/MC_ws/install/Visualize/lib/python3.10/site-packages:${PYTHONPATH} /usr/bin/python3 -W ignore:setup.py install is deprecated -W ignore:easy_install command is deprecated setup.py egg_info --egg-base ../../build/Visualize build --build-base /home/ubuntu/Desktop/MC_ws/build/Visualize/build install --record /home/ubuntu/Desktop/MC_ws/build/Visualize/install.log --single-version-externally-managed
[2.197s] running egg_info
[2.198s] writing ../../build/Visualize/Visualize.egg-info/PKG-INFO
[2.198s] writing dependency_links to ../../build/Visualize/Visualize.egg-info/dependency_links.txt
[2.200s] writing entry points to ../../build/Visualize/Visualize.egg-info/entry_points.txt
[2.200s] writing requirements to ../../build/Visualize/Visualize.egg-info/requires.txt
[2.200s] writing top-level names to ../../build/Visualize/Visualize.egg-info/top_level.txt
[2.203s] reading manifest file '../../build/Visualize/Visualize.egg-info/SOURCES.txt'
[2.204s] writing manifest file '../../build/Visualize/Visualize.egg-info/SOURCES.txt'
[2.204s] running build
[2.205s] running build_py
[2.205s] running install
[2.205s] running install_lib
[2.207s] running install_egg_info
[2.209s] removing '/home/ubuntu/Desktop/MC_ws/install/Visualize/lib/python3.10/site-packages/Visualize-0.0.1-py3.10.egg-info' (and everything under it)
[2.209s] Copying ../../build/Visualize/Visualize.egg-info to /home/ubuntu/Desktop/MC_ws/install/Visualize/lib/python3.10/site-packages/Visualize-0.0.1-py3.10.egg-info
[2.210s] running install_scripts
[2.244s] Installing data_plot script to /home/ubuntu/Desktop/MC_ws/install/Visualize/lib/Visualize
[2.244s] writing list of installed files to '/home/ubuntu/Desktop/MC_ws/build/Visualize/install.log'
[2.285s] Invoked command in '/home/ubuntu/Desktop/MC_ws/src/Visualize' returned '0': PYTHONPATH=/home/ubuntu/Desktop/MC_ws/build/Visualize/prefix_override:/usr/lib/python3/dist-packages/colcon_core/task/python/colcon_distutils_commands:/home/ubuntu/Desktop/MC_ws/install/Visualize/lib/python3.10/site-packages:${PYTHONPATH} /usr/bin/python3 -W ignore:setup.py install is deprecated -W ignore:easy_install command is deprecated setup.py egg_info --egg-base ../../build/Visualize build --build-base /home/ubuntu/Desktop/MC_ws/build/Visualize/build install --record /home/ubuntu/Desktop/MC_ws/build/Visualize/install.log --single-version-externally-managed
