[0.016s] Invoking command in '/home/ubuntu/Desktop/MC_ws/build/impedance_control': CMAKE_PREFIX_PATH=${CMAKE_PREFIX_PATH}:/home/ubuntu/Desktop/MC_ws/install/Visualize:/opt/ros/humble /usr/bin/cmake --build /home/ubuntu/Desktop/MC_ws/build/impedance_control -- -j8 -l8
[0.045s] [35m[1mConsolidate compiler generated dependencies of target impedance_control_node[0m
[0.060s] [ 50%] [32mBuilding CXX object CMakeFiles/impedance_control_node.dir/src/impedance_control_node.cpp.o[0m
[6.081s] [100%] [32m[1mLinking CXX executable impedance_control_node[0m
[6.384s] [100%] Built target impedance_control_node
[6.396s] Invoked command in '/home/ubuntu/Desktop/MC_ws/build/impedance_control' returned '0': CMAKE_PREFIX_PATH=${CMAKE_PREFIX_PATH}:/home/ubuntu/Desktop/MC_ws/install/Visualize:/opt/ros/humble /usr/bin/cmake --build /home/ubuntu/Desktop/MC_ws/build/impedance_control -- -j8 -l8
[6.404s] Invoking command in '/home/ubuntu/Desktop/MC_ws/build/impedance_control': CMAKE_PREFIX_PATH=${CMAKE_PREFIX_PATH}:/home/ubuntu/Desktop/MC_ws/install/Visualize:/opt/ros/humble /usr/bin/cmake --install /home/ubuntu/Desktop/MC_ws/build/impedance_control
[6.410s] -- Install configuration: ""
[6.410s] -- Installing: /home/ubuntu/Desktop/MC_ws/install/impedance_control/lib/impedance_control/impedance_control_node
[6.414s] -- Set runtime path of "/home/ubuntu/Desktop/MC_ws/install/impedance_control/lib/impedance_control/impedance_control_node" to ""
[6.414s] -- Up-to-date: /home/ubuntu/Desktop/MC_ws/install/impedance_control/share/impedance_control/
[6.415s] -- Up-to-date: /home/ubuntu/Desktop/MC_ws/install/impedance_control/share/impedance_control//impedance_control.launch.py
[6.415s] -- Up-to-date: /home/ubuntu/Desktop/MC_ws/install/impedance_control/share/ament_index/resource_index/package_run_dependencies/impedance_control
[6.415s] -- Up-to-date: /home/ubuntu/Desktop/MC_ws/install/impedance_control/share/ament_index/resource_index/parent_prefix_path/impedance_control
[6.415s] -- Up-to-date: /home/ubuntu/Desktop/MC_ws/install/impedance_control/share/impedance_control/environment/ament_prefix_path.sh
[6.415s] -- Up-to-date: /home/ubuntu/Desktop/MC_ws/install/impedance_control/share/impedance_control/environment/ament_prefix_path.dsv
[6.415s] -- Up-to-date: /home/ubuntu/Desktop/MC_ws/install/impedance_control/share/impedance_control/environment/path.sh
[6.415s] -- Up-to-date: /home/ubuntu/Desktop/MC_ws/install/impedance_control/share/impedance_control/environment/path.dsv
[6.415s] -- Up-to-date: /home/ubuntu/Desktop/MC_ws/install/impedance_control/share/impedance_control/local_setup.bash
[6.415s] -- Up-to-date: /home/ubuntu/Desktop/MC_ws/install/impedance_control/share/impedance_control/local_setup.sh
[6.415s] -- Up-to-date: /home/ubuntu/Desktop/MC_ws/install/impedance_control/share/impedance_control/local_setup.zsh
[6.415s] -- Up-to-date: /home/ubuntu/Desktop/MC_ws/install/impedance_control/share/impedance_control/local_setup.dsv
[6.415s] -- Installing: /home/ubuntu/Desktop/MC_ws/install/impedance_control/share/impedance_control/package.dsv
[6.415s] -- Up-to-date: /home/ubuntu/Desktop/MC_ws/install/impedance_control/share/ament_index/resource_index/packages/impedance_control
[6.415s] -- Up-to-date: /home/ubuntu/Desktop/MC_ws/install/impedance_control/share/impedance_control/cmake/impedance_controlConfig.cmake
[6.416s] -- Up-to-date: /home/ubuntu/Desktop/MC_ws/install/impedance_control/share/impedance_control/cmake/impedance_controlConfig-version.cmake
[6.416s] -- Up-to-date: /home/ubuntu/Desktop/MC_ws/install/impedance_control/share/impedance_control/package.xml
[6.417s] Invoked command in '/home/ubuntu/Desktop/MC_ws/build/impedance_control' returned '0': CMAKE_PREFIX_PATH=${CMAKE_PREFIX_PATH}:/home/ubuntu/Desktop/MC_ws/install/Visualize:/opt/ros/humble /usr/bin/cmake --install /home/ubuntu/Desktop/MC_ws/build/impedance_control
