[0.444s] Invoking command in '/home/ubuntu/Desktop/MC_ws/build/data_pub': CMAKE_PREFIX_PATH=${CMAKE_PREFIX_PATH}:/home/ubuntu/Desktop/MC_ws/install/Visualize:/opt/ros/humble /usr/bin/cmake /home/ubuntu/Desktop/MC_ws/src/Control/Data_pub -DCMAKE_INSTALL_PREFIX=/home/ubuntu/Desktop/MC_ws/install/data_pub
[0.687s] -- Found ament_cmake: 1.3.11 (/opt/ros/humble/share/ament_cmake/cmake)
[0.687s] -- Override CMake install command with custom implementation using symlinks instead of copying resources
[0.688s] -- Found rclcpp: 16.0.11 (/opt/ros/humble/share/rclcpp/cmake)
[0.688s] -- Found rosidl_generator_c: 3.1.6 (/opt/ros/humble/share/rosidl_generator_c/cmake)
[0.688s] -- Found rosidl_adapter: 3.1.6 (/opt/ros/humble/share/rosidl_adapter/cmake)
[0.688s] -- Found rosidl_generator_cpp: 3.1.6 (/opt/ros/humble/share/rosidl_generator_cpp/cmake)
[0.688s] -- Using all available rosidl_typesupport_c: rosidl_typesupport_fastrtps_c;rosidl_typesupport_introspection_c
[0.688s] -- Using all available rosidl_typesupport_cpp: rosidl_typesupport_fastrtps_cpp;rosidl_typesupport_introspection_cpp
[0.689s] -- Found rmw_implementation_cmake: 6.1.2 (/opt/ros/humble/share/rmw_implementation_cmake/cmake)
[0.689s] -- Found rmw_cyclonedds_cpp: 1.3.4 (/opt/ros/humble/share/rmw_cyclonedds_cpp/cmake)
[0.690s] -- Using RMW implementation 'rmw_cyclonedds_cpp' as default
[0.825s] -- Configuring done
[0.853s] -- Generating done
[0.858s] -- Build files have been written to: /home/ubuntu/Desktop/MC_ws/build/data_pub
[0.876s] Invoked command in '/home/ubuntu/Desktop/MC_ws/build/data_pub' returned '0': CMAKE_PREFIX_PATH=${CMAKE_PREFIX_PATH}:/home/ubuntu/Desktop/MC_ws/install/Visualize:/opt/ros/humble /usr/bin/cmake /home/ubuntu/Desktop/MC_ws/src/Control/Data_pub -DCMAKE_INSTALL_PREFIX=/home/ubuntu/Desktop/MC_ws/install/data_pub
[0.882s] Invoking command in '/home/ubuntu/Desktop/MC_ws/build/data_pub': CMAKE_PREFIX_PATH=${CMAKE_PREFIX_PATH}:/home/ubuntu/Desktop/MC_ws/install/Visualize:/opt/ros/humble /usr/bin/cmake --build /home/ubuntu/Desktop/MC_ws/build/data_pub -- -j8 -l8
[0.928s] [35m[1mConsolidate compiler generated dependencies of target data_pub_node[0m
[0.952s] [100%] Built target data_pub_node
[0.967s] Invoked command in '/home/ubuntu/Desktop/MC_ws/build/data_pub' returned '0': CMAKE_PREFIX_PATH=${CMAKE_PREFIX_PATH}:/home/ubuntu/Desktop/MC_ws/install/Visualize:/opt/ros/humble /usr/bin/cmake --build /home/ubuntu/Desktop/MC_ws/build/data_pub -- -j8 -l8
[0.983s] Invoking command in '/home/ubuntu/Desktop/MC_ws/build/data_pub': CMAKE_PREFIX_PATH=${CMAKE_PREFIX_PATH}:/home/ubuntu/Desktop/MC_ws/install/Visualize:/opt/ros/humble /usr/bin/cmake --install /home/ubuntu/Desktop/MC_ws/build/data_pub
[0.989s] -- Install configuration: ""
[0.990s] -- Execute custom install script
[0.990s] -- Up-to-date symlink: /home/ubuntu/Desktop/MC_ws/install/data_pub/lib/data_pub/data_pub_node
[0.991s] -- Up-to-date symlink: /home/ubuntu/Desktop/MC_ws/install/data_pub/share/ament_index/resource_index/package_run_dependencies/data_pub
[0.991s] -- Up-to-date symlink: /home/ubuntu/Desktop/MC_ws/install/data_pub/share/ament_index/resource_index/parent_prefix_path/data_pub
[0.992s] -- Up-to-date symlink: /home/ubuntu/Desktop/MC_ws/install/data_pub/share/data_pub/environment/ament_prefix_path.sh
[0.992s] -- Up-to-date symlink: /home/ubuntu/Desktop/MC_ws/install/data_pub/share/data_pub/environment/ament_prefix_path.dsv
[0.992s] -- Up-to-date symlink: /home/ubuntu/Desktop/MC_ws/install/data_pub/share/data_pub/environment/path.sh
[0.992s] -- Up-to-date symlink: /home/ubuntu/Desktop/MC_ws/install/data_pub/share/data_pub/environment/path.dsv
[0.992s] -- Up-to-date symlink: /home/ubuntu/Desktop/MC_ws/install/data_pub/share/data_pub/local_setup.bash
[0.993s] -- Up-to-date symlink: /home/ubuntu/Desktop/MC_ws/install/data_pub/share/data_pub/local_setup.sh
[0.993s] -- Up-to-date symlink: /home/ubuntu/Desktop/MC_ws/install/data_pub/share/data_pub/local_setup.zsh
[0.993s] -- Up-to-date symlink: /home/ubuntu/Desktop/MC_ws/install/data_pub/share/data_pub/local_setup.dsv
[0.993s] -- Symlinking: /home/ubuntu/Desktop/MC_ws/install/data_pub/share/data_pub/package.dsv
[1.005s] -- Up-to-date symlink: /home/ubuntu/Desktop/MC_ws/install/data_pub/share/ament_index/resource_index/packages/data_pub
[1.005s] -- Up-to-date symlink: /home/ubuntu/Desktop/MC_ws/install/data_pub/share/data_pub/cmake/data_pubConfig.cmake
[1.005s] -- Up-to-date symlink: /home/ubuntu/Desktop/MC_ws/install/data_pub/share/data_pub/cmake/data_pubConfig-version.cmake
[1.005s] -- Up-to-date symlink: /home/ubuntu/Desktop/MC_ws/install/data_pub/share/data_pub/package.xml
[1.016s] Invoked command in '/home/ubuntu/Desktop/MC_ws/build/data_pub' returned '0': CMAKE_PREFIX_PATH=${CMAKE_PREFIX_PATH}:/home/ubuntu/Desktop/MC_ws/install/Visualize:/opt/ros/humble /usr/bin/cmake --install /home/ubuntu/Desktop/MC_ws/build/data_pub
