[01m[K/home/ubuntu/Desktop/MC_ws/src/Control/Impedance_controller/src/impedance_control_node.cpp:[m[K In lambda function:
[01m[K/home/ubuntu/Desktop/MC_ws/src/Control/Impedance_controller/src/impedance_control_node.cpp:217:27:[m[K [01;31m[Kerror: [m[K‘[01m[Kstruct ImpedanceController::NodeData[m[K’ has no member named ‘[01m[KpositionCallback[m[K’
  217 |             this->[01;31m[KpositionCallback[m[K(id, msg);
      |                   [01;31m[K^~~~~~~~~~~~~~~~[m[K

[01m[K/home/ubuntu/Desktop/MC_ws/src/Control/Impedance_controller/src/impedance_control_node.cpp:[m[K In lambda function:
[01m[K/home/ubuntu/Desktop/MC_ws/src/Control/Impedance_controller/src/impedance_control_node.cpp:222:27:[m[K [01;31m[Kerror: [m[K‘[01m[Kstruct ImpedanceController::NodeData[m[K’ has no member named ‘[01m[KvelocityCallback[m[K’
  222 |             this->[01;31m[KvelocityCallback[m[K(id, msg);
      |                   [01;31m[K^~~~~~~~~~~~~~~~[m[K

[01m[K/home/ubuntu/Desktop/MC_ws/src/Control/Impedance_controller/src/impedance_control_node.cpp:[m[K In member function ‘[01m[Kint ImpedanceController::getNodeId(const std::unique_ptr<ImpedanceController::NodeData>&)[m[K’:
[01m[K/home/ubuntu/Desktop/MC_ws/src/Control/Impedance_controller/src/impedance_control_node.cpp:296:25:[m[K [01;31m[Kerror: [m[Kno matching function for call to ‘[01m[Kstoi(int)[m[K’
  296 |   return [01;31m[Kstd::stoi(node->torque_pub->get_topic_name()[13] - '0')[m[K; // Lấy ID từ "/motor/torque_X"
      |          [01;31m[K~~~~~~~~~^~~~~~~~~~~~~~~~~~~~~~~~~~~~~~~~~~~~~~~~~~~~~~[m[K

In file included from [01m[K/usr/include/c++/11/string:55[m[K,
                 from [01m[K/usr/include/c++/11/stdexcept:39[m[K,
                 from [01m[K/usr/include/c++/11/system_error:41[m[K,
                 from [01m[K/usr/include/c++/11/mutex:42[m[K,
                 from [01m[K/usr/include/c++/11/future:38[m[K,
                 from [01m[K/opt/ros/humble/include/rclcpp/rclcpp/executors.hpp:18[m[K,
                 from [01m[K/opt/ros/humble/include/rclcpp/rclcpp/rclcpp.hpp:155[m[K,
                 from [01m[K/home/ubuntu/Desktop/MC_ws/src/Control/Impedance_controller/src/impedance_control_node.cpp:170[m[K:
[01m[K/usr/include/c++/11/bits/basic_string.h:6619:3:[m[K [01;36m[Knote: [m[Kcandidate: ‘[01m[Kint std::__cxx11::stoi(const string&, std::size_t*, int)[m[K’
 6619 |   [01;36m[Kstoi[m[K(const string& __str, size_t* __idx = 0, int __base = 10)
      |   [01;36m[K^~~~[m[K
[01m[K/usr/include/c++/11/bits/basic_string.h:6619:22:[m[K [01;36m[Knote: [m[K  no known conversion for argument 1 from ‘[01m[Kint[m[K’ to ‘[01m[Kconst string&[m[K’ {aka ‘[01m[Kconst std::__cxx11::basic_string<char>&[m[K’}
 6619 | toi([01;36m[Kconst string& __str[m[K, size_t* __idx = 0, int __base = 10)
      |     [01;36m[K~~~~~~~~~~~~~~^~~~~[m[K

[01m[K/usr/include/c++/11/bits/basic_string.h:6750:3:[m[K [01;36m[Knote: [m[Kcandidate: ‘[01m[Kint std::__cxx11::stoi(const wstring&, std::size_t*, int)[m[K’
 6750 |   [01;36m[Kstoi[m[K(const wstring& __str, size_t* __idx = 0, int __base = 10)
      |   [01;36m[K^~~~[m[K
[01m[K/usr/include/c++/11/bits/basic_string.h:6750:23:[m[K [01;36m[Knote: [m[K  no known conversion for argument 1 from ‘[01m[Kint[m[K’ to ‘[01m[Kconst wstring&[m[K’ {aka ‘[01m[Kconst std::__cxx11::basic_string<wchar_t>&[m[K’}
 6750 | oi([01;36m[Kconst wstring& __str[m[K, size_t* __idx = 0, int __base = 10)
      |    [01;36m[K~~~~~~~~~~~~~~~^~~~~[m[K

gmake[2]: *** [CMakeFiles/impedance_control_node.dir/build.make:76: CMakeFiles/impedance_control_node.dir/src/impedance_control_node.cpp.o] Error 1
gmake[1]: *** [CMakeFiles/Makefile2:137: CMakeFiles/impedance_control_node.dir/all] Error 2
gmake: *** [Makefile:146: all] Error 2
