[0.446s] Invoking command in '/home/ubuntu/Desktop/MC_ws/build/impedance_control': CMAKE_PREFIX_PATH=${CMAKE_PREFIX_PATH}:/home/ubuntu/Desktop/MC_ws/install/Visualize:/opt/ros/humble /usr/bin/cmake --build /home/ubuntu/Desktop/MC_ws/build/impedance_control -- -j8 -l8
[0.687s] [35m[1mConsolidate compiler generated dependencies of target impedance_control_node[0m
[0.687s] [ 50%] [32mBuilding CXX object CMakeFiles/impedance_control_node.dir/src/impedance_control_node.cpp.o[0m
[2.607s] [01m[K/home/ubuntu/Desktop/MC_ws/src/Control/Impedance_controller/src/impedance_control_node.cpp:[m[K In lambda function:
[2.607s] [01m[K/home/ubuntu/Desktop/MC_ws/src/Control/Impedance_controller/src/impedance_control_node.cpp:217:27:[m[K [01;31m[Kerror: [m[K‘[01m[Kstruct ImpedanceController::NodeData[m[K’ has no member named ‘[01m[KpositionCallback[m[K’
[2.607s]   217 |             this->[01;31m[KpositionCallback[m[K(id, msg);
[2.607s]       |                   [01;31m[K^~~~~~~~~~~~~~~~[m[K
[2.607s] 
[2.611s] [01m[K/home/ubuntu/Desktop/MC_ws/src/Control/Impedance_controller/src/impedance_control_node.cpp:[m[K In lambda function:
[2.611s] [01m[K/home/ubuntu/Desktop/MC_ws/src/Control/Impedance_controller/src/impedance_control_node.cpp:222:27:[m[K [01;31m[Kerror: [m[K‘[01m[Kstruct ImpedanceController::NodeData[m[K’ has no member named ‘[01m[KvelocityCallback[m[K’
[2.611s]   222 |             this->[01;31m[KvelocityCallback[m[K(id, msg);
[2.611s]       |                   [01;31m[K^~~~~~~~~~~~~~~~[m[K
[2.611s] 
[2.625s] [01m[K/home/ubuntu/Desktop/MC_ws/src/Control/Impedance_controller/src/impedance_control_node.cpp:[m[K In member function ‘[01m[Kint ImpedanceController::getNodeId(const std::unique_ptr<ImpedanceController::NodeData>&)[m[K’:
[2.625s] [01m[K/home/ubuntu/Desktop/MC_ws/src/Control/Impedance_controller/src/impedance_control_node.cpp:296:25:[m[K [01;31m[Kerror: [m[Kno matching function for call to ‘[01m[Kstoi(int)[m[K’
[2.625s]   296 |   return [01;31m[Kstd::stoi(node->torque_pub->get_topic_name()[13] - '0')[m[K; // Lấy ID từ "/motor/torque_X"
[2.625s]       |          [01;31m[K~~~~~~~~~^~~~~~~~~~~~~~~~~~~~~~~~~~~~~~~~~~~~~~~~~~~~~~[m[K
[2.625s] 
[2.625s] In file included from [01m[K/usr/include/c++/11/string:55[m[K,
[2.625s]                  from [01m[K/usr/include/c++/11/stdexcept:39[m[K,
[2.625s]                  from [01m[K/usr/include/c++/11/system_error:41[m[K,
[2.625s]                  from [01m[K/usr/include/c++/11/mutex:42[m[K,
[2.625s]                  from [01m[K/usr/include/c++/11/future:38[m[K,
[2.625s]                  from [01m[K/opt/ros/humble/include/rclcpp/rclcpp/executors.hpp:18[m[K,
[2.625s]                  from [01m[K/opt/ros/humble/include/rclcpp/rclcpp/rclcpp.hpp:155[m[K,
[2.626s]                  from [01m[K/home/ubuntu/Desktop/MC_ws/src/Control/Impedance_controller/src/impedance_control_node.cpp:170[m[K:
[2.626s] [01m[K/usr/include/c++/11/bits/basic_string.h:6619:3:[m[K [01;36m[Knote: [m[Kcandidate: ‘[01m[Kint std::__cxx11::stoi(const string&, std::size_t*, int)[m[K’
[2.626s]  6619 |   [01;36m[Kstoi[m[K(const string& __str, size_t* __idx = 0, int __base = 10)
[2.626s]       |   [01;36m[K^~~~[m[K
[2.626s] [01m[K/usr/include/c++/11/bits/basic_string.h:6619:22:[m[K [01;36m[Knote: [m[K  no known conversion for argument 1 from ‘[01m[Kint[m[K’ to ‘[01m[Kconst string&[m[K’ {aka ‘[01m[Kconst std::__cxx11::basic_string<char>&[m[K’}
[2.626s]  6619 | toi([01;36m[Kconst string& __str[m[K, size_t* __idx = 0, int __base = 10)
[2.626s]       |     [01;36m[K~~~~~~~~~~~~~~^~~~~[m[K
[2.626s] 
[2.626s] [01m[K/usr/include/c++/11/bits/basic_string.h:6750:3:[m[K [01;36m[Knote: [m[Kcandidate: ‘[01m[Kint std::__cxx11::stoi(const wstring&, std::size_t*, int)[m[K’
[2.626s]  6750 |   [01;36m[Kstoi[m[K(const wstring& __str, size_t* __idx = 0, int __base = 10)
[2.626s]       |   [01;36m[K^~~~[m[K
[2.626s] [01m[K/usr/include/c++/11/bits/basic_string.h:6750:23:[m[K [01;36m[Knote: [m[K  no known conversion for argument 1 from ‘[01m[Kint[m[K’ to ‘[01m[Kconst wstring&[m[K’ {aka ‘[01m[Kconst std::__cxx11::basic_string<wchar_t>&[m[K’}
[2.626s]  6750 | oi([01;36m[Kconst wstring& __str[m[K, size_t* __idx = 0, int __base = 10)
[2.626s]       |    [01;36m[K~~~~~~~~~~~~~~~^~~~~[m[K
[2.626s] 
[4.497s] gmake[2]: *** [CMakeFiles/impedance_control_node.dir/build.make:76: CMakeFiles/impedance_control_node.dir/src/impedance_control_node.cpp.o] Error 1
[4.497s] gmake[1]: *** [CMakeFiles/Makefile2:137: CMakeFiles/impedance_control_node.dir/all] Error 2
[4.497s] gmake: *** [Makefile:146: all] Error 2
[4.498s] Invoked command in '/home/ubuntu/Desktop/MC_ws/build/impedance_control' returned '2': CMAKE_PREFIX_PATH=${CMAKE_PREFIX_PATH}:/home/ubuntu/Desktop/MC_ws/install/Visualize:/opt/ros/humble /usr/bin/cmake --build /home/ubuntu/Desktop/MC_ws/build/impedance_control -- -j8 -l8
