[0.847s] Invoking command in '/home/ubuntu/Desktop/MC_ws/build/odrive_can_control': CMAKE_PREFIX_PATH=${CMAKE_PREFIX_PATH}:/home/ubuntu/Desktop/MC_ws/install/Visualize:/opt/ros/humble /usr/bin/cmake --build /home/ubuntu/Desktop/MC_ws/build/odrive_can_control -- -j8 -l8
[0.953s] [ 20%] Built target velocity_controller
[0.961s] [ 60%] Built target odrive_can_node
[0.962s] [ 60%] Built target impedance_multi_control
[0.964s] [ 80%] Built target read_param
[0.968s] [100%] Built target odrive_initializer
[0.991s] Invoked command in '/home/ubuntu/Desktop/MC_ws/build/odrive_can_control' returned '0': CMAKE_PREFIX_PATH=${CMAKE_PREFIX_PATH}:/home/ubuntu/Desktop/MC_ws/install/Visualize:/opt/ros/humble /usr/bin/cmake --build /home/ubuntu/Desktop/MC_ws/build/odrive_can_control -- -j8 -l8
[0.993s] Invoking command in '/home/ubuntu/Desktop/MC_ws/build/odrive_can_control': CMAKE_PREFIX_PATH=${CMAKE_PREFIX_PATH}:/home/ubuntu/Desktop/MC_ws/install/Visualize:/opt/ros/humble /usr/bin/cmake --install /home/ubuntu/Desktop/MC_ws/build/odrive_can_control
[1.008s] -- Install configuration: ""
[1.008s] -- Execute custom install script
[1.008s] -- Up-to-date symlink: /home/ubuntu/Desktop/MC_ws/install/odrive_can_control/lib/odrive_can_control/odrive_can_node
[1.008s] -- Up-to-date symlink: /home/ubuntu/Desktop/MC_ws/install/odrive_can_control/lib/odrive_can_control/odrive_initializer
[1.008s] -- Up-to-date symlink: /home/ubuntu/Desktop/MC_ws/install/odrive_can_control/lib/odrive_can_control/velocity_controller
[1.009s] -- Up-to-date symlink: /home/ubuntu/Desktop/MC_ws/install/odrive_can_control/lib/odrive_can_control/impedance_multi_control
[1.009s] -- Up-to-date symlink: /home/ubuntu/Desktop/MC_ws/install/odrive_can_control/lib/odrive_can_control/read_param
[1.009s] -- Up-to-date symlink: /home/ubuntu/Desktop/MC_ws/install/odrive_can_control/share/odrive_can_control/launch/odrive_initializer.launch.py
[1.009s] -- Up-to-date symlink: /home/ubuntu/Desktop/MC_ws/install/odrive_can_control/share/ament_index/resource_index/package_run_dependencies/odrive_can_control
[1.009s] -- Up-to-date symlink: /home/ubuntu/Desktop/MC_ws/install/odrive_can_control/share/ament_index/resource_index/parent_prefix_path/odrive_can_control
[1.011s] -- Up-to-date symlink: /home/ubuntu/Desktop/MC_ws/install/odrive_can_control/share/odrive_can_control/environment/ament_prefix_path.sh
[1.011s] -- Up-to-date symlink: /home/ubuntu/Desktop/MC_ws/install/odrive_can_control/share/odrive_can_control/environment/ament_prefix_path.dsv
[1.011s] -- Up-to-date symlink: /home/ubuntu/Desktop/MC_ws/install/odrive_can_control/share/odrive_can_control/environment/path.sh
[1.011s] -- Up-to-date symlink: /home/ubuntu/Desktop/MC_ws/install/odrive_can_control/share/odrive_can_control/environment/path.dsv
[1.011s] -- Up-to-date symlink: /home/ubuntu/Desktop/MC_ws/install/odrive_can_control/share/odrive_can_control/local_setup.bash
[1.012s] -- Up-to-date symlink: /home/ubuntu/Desktop/MC_ws/install/odrive_can_control/share/odrive_can_control/local_setup.sh
[1.012s] -- Up-to-date symlink: /home/ubuntu/Desktop/MC_ws/install/odrive_can_control/share/odrive_can_control/local_setup.zsh
[1.012s] -- Up-to-date symlink: /home/ubuntu/Desktop/MC_ws/install/odrive_can_control/share/odrive_can_control/local_setup.dsv
[1.012s] -- Symlinking: /home/ubuntu/Desktop/MC_ws/install/odrive_can_control/share/odrive_can_control/package.dsv
[1.026s] -- Up-to-date symlink: /home/ubuntu/Desktop/MC_ws/install/odrive_can_control/share/ament_index/resource_index/packages/odrive_can_control
[1.026s] -- Up-to-date symlink: /home/ubuntu/Desktop/MC_ws/install/odrive_can_control/share/odrive_can_control/cmake/odrive_can_controlConfig.cmake
[1.026s] -- Up-to-date symlink: /home/ubuntu/Desktop/MC_ws/install/odrive_can_control/share/odrive_can_control/cmake/odrive_can_controlConfig-version.cmake
[1.026s] -- Up-to-date symlink: /home/ubuntu/Desktop/MC_ws/install/odrive_can_control/share/odrive_can_control/package.xml
[1.030s] Invoked command in '/home/ubuntu/Desktop/MC_ws/build/odrive_can_control' returned '0': CMAKE_PREFIX_PATH=${CMAKE_PREFIX_PATH}:/home/ubuntu/Desktop/MC_ws/install/Visualize:/opt/ros/humble /usr/bin/cmake --install /home/ubuntu/Desktop/MC_ws/build/odrive_can_control
