[0.503s] Invoking command in '/home/ubuntu/Desktop/MC_ws/build/data_pub': CMAKE_PREFIX_PATH=${CMAKE_PREFIX_PATH}:/home/ubuntu/Desktop/MC_ws/install/Visualize:/opt/ros/humble /usr/bin/cmake /home/ubuntu/Desktop/MC_ws/src/Control/Data_pub -DAMENT_CMAKE_SYMLINK_INSTALL=1 -DCMAKE_INSTALL_PREFIX=/home/ubuntu/Desktop/MC_ws/install/data_pub
[0.876s] -- Found ament_cmake: 1.3.11 (/opt/ros/humble/share/ament_cmake/cmake)
[0.876s] -- Override CMake install command with custom implementation using symlinks instead of copying resources
[0.876s] -- Found rclcpp: 16.0.11 (/opt/ros/humble/share/rclcpp/cmake)
[0.877s] -- Found rosidl_generator_c: 3.1.6 (/opt/ros/humble/share/rosidl_generator_c/cmake)
[0.877s] -- Found rosidl_adapter: 3.1.6 (/opt/ros/humble/share/rosidl_adapter/cmake)
[0.877s] -- Found rosidl_generator_cpp: 3.1.6 (/opt/ros/humble/share/rosidl_generator_cpp/cmake)
[0.877s] -- Using all available rosidl_typesupport_c: rosidl_typesupport_fastrtps_c;rosidl_typesupport_introspection_c
[0.877s] -- Using all available rosidl_typesupport_cpp: rosidl_typesupport_fastrtps_cpp;rosidl_typesupport_introspection_cpp
[0.877s] -- Found rmw_implementation_cmake: 6.1.2 (/opt/ros/humble/share/rmw_implementation_cmake/cmake)
[0.878s] -- Found rmw_cyclonedds_cpp: 1.3.4 (/opt/ros/humble/share/rmw_cyclonedds_cpp/cmake)
[0.878s] -- Using RMW implementation 'rmw_cyclonedds_cpp' as default
[1.120s] -- Configuring done
[1.140s] -- Generating done
[1.146s] -- Build files have been written to: /home/ubuntu/Desktop/MC_ws/build/data_pub
[1.157s] Invoked command in '/home/ubuntu/Desktop/MC_ws/build/data_pub' returned '0': CMAKE_PREFIX_PATH=${CMAKE_PREFIX_PATH}:/home/ubuntu/Desktop/MC_ws/install/Visualize:/opt/ros/humble /usr/bin/cmake /home/ubuntu/Desktop/MC_ws/src/Control/Data_pub -DAMENT_CMAKE_SYMLINK_INSTALL=1 -DCMAKE_INSTALL_PREFIX=/home/ubuntu/Desktop/MC_ws/install/data_pub
[1.161s] Invoking command in '/home/ubuntu/Desktop/MC_ws/build/data_pub': CMAKE_PREFIX_PATH=${CMAKE_PREFIX_PATH}:/home/ubuntu/Desktop/MC_ws/install/Visualize:/opt/ros/humble /usr/bin/cmake --build /home/ubuntu/Desktop/MC_ws/build/data_pub -- -j8 -l8
[1.230s] [35m[1mConsolidate compiler generated dependencies of target data_pub_node[0m
[1.270s] [100%] Built target data_pub_node
[1.299s] Invoked command in '/home/ubuntu/Desktop/MC_ws/build/data_pub' returned '0': CMAKE_PREFIX_PATH=${CMAKE_PREFIX_PATH}:/home/ubuntu/Desktop/MC_ws/install/Visualize:/opt/ros/humble /usr/bin/cmake --build /home/ubuntu/Desktop/MC_ws/build/data_pub -- -j8 -l8
[1.323s] Invoking command in '/home/ubuntu/Desktop/MC_ws/build/data_pub': CMAKE_PREFIX_PATH=${CMAKE_PREFIX_PATH}:/home/ubuntu/Desktop/MC_ws/install/Visualize:/opt/ros/humble /usr/bin/cmake --install /home/ubuntu/Desktop/MC_ws/build/data_pub
[1.339s] -- Install configuration: ""
[1.340s] -- Execute custom install script
[1.345s] -- Up-to-date symlink: /home/ubuntu/Desktop/MC_ws/install/data_pub/lib/data_pub/data_pub_node
[1.345s] -- Up-to-date symlink: /home/ubuntu/Desktop/MC_ws/install/data_pub/share/ament_index/resource_index/package_run_dependencies/data_pub
[1.348s] -- Up-to-date symlink: /home/ubuntu/Desktop/MC_ws/install/data_pub/share/ament_index/resource_index/parent_prefix_path/data_pub
[1.348s] -- Up-to-date symlink: /home/ubuntu/Desktop/MC_ws/install/data_pub/share/data_pub/environment/ament_prefix_path.sh
[1.348s] -- Up-to-date symlink: /home/ubuntu/Desktop/MC_ws/install/data_pub/share/data_pub/environment/ament_prefix_path.dsv
[1.348s] -- Up-to-date symlink: /home/ubuntu/Desktop/MC_ws/install/data_pub/share/data_pub/environment/path.sh
[1.348s] -- Up-to-date symlink: /home/ubuntu/Desktop/MC_ws/install/data_pub/share/data_pub/environment/path.dsv
[1.349s] -- Up-to-date symlink: /home/ubuntu/Desktop/MC_ws/install/data_pub/share/data_pub/local_setup.bash
[1.349s] -- Up-to-date symlink: /home/ubuntu/Desktop/MC_ws/install/data_pub/share/data_pub/local_setup.sh
[1.349s] -- Up-to-date symlink: /home/ubuntu/Desktop/MC_ws/install/data_pub/share/data_pub/local_setup.zsh
[1.349s] -- Up-to-date symlink: /home/ubuntu/Desktop/MC_ws/install/data_pub/share/data_pub/local_setup.dsv
[1.349s] -- Symlinking: /home/ubuntu/Desktop/MC_ws/install/data_pub/share/data_pub/package.dsv
[1.370s] -- Up-to-date symlink: /home/ubuntu/Desktop/MC_ws/install/data_pub/share/ament_index/resource_index/packages/data_pub
[1.370s] -- Up-to-date symlink: /home/ubuntu/Desktop/MC_ws/install/data_pub/share/data_pub/cmake/data_pubConfig.cmake
[1.370s] -- Up-to-date symlink: /home/ubuntu/Desktop/MC_ws/install/data_pub/share/data_pub/cmake/data_pubConfig-version.cmake
[1.371s] -- Up-to-date symlink: /home/ubuntu/Desktop/MC_ws/install/data_pub/share/data_pub/package.xml
[1.408s] Invoked command in '/home/ubuntu/Desktop/MC_ws/build/data_pub' returned '0': CMAKE_PREFIX_PATH=${CMAKE_PREFIX_PATH}:/home/ubuntu/Desktop/MC_ws/install/Visualize:/opt/ros/humble /usr/bin/cmake --install /home/ubuntu/Desktop/MC_ws/build/data_pub
