running develop
Removing /home/ubuntu/Desktop/MC_ws/install/Visualize/lib/python3.10/site-packages/Visualize.egg-link (link to .)
running egg_info
writing ../../build/Visualize/Visualize.egg-info/PKG-INFO
writing dependency_links to ../../build/Visualize/Visualize.egg-info/dependency_links.txt
writing entry points to ../../build/Visualize/Visualize.egg-info/entry_points.txt
writing requirements to ../../build/Visualize/Visualize.egg-info/requires.txt
writing top-level names to ../../build/Visualize/Visualize.egg-info/top_level.txt
reading manifest file '../../build/Visualize/Visualize.egg-info/SOURCES.txt'
writing manifest file '../../build/Visualize/Visualize.egg-info/SOURCES.txt'
running build
running build_py
running install
running install_lib
creating /home/ubuntu/Desktop/MC_ws/install/Visualize/lib/python3.10/site-packages/Visualize
copying /home/ubuntu/Desktop/MC_ws/build/Visualize/build/lib/Visualize/data_plot.py -> /home/ubuntu/Desktop/MC_ws/install/Visualize/lib/python3.10/site-packages/Visualize
copying /home/ubuntu/Desktop/MC_ws/build/Visualize/build/lib/Visualize/__init__.py -> /home/ubuntu/Desktop/MC_ws/install/Visualize/lib/python3.10/site-packages/Visualize
byte-compiling /home/ubuntu/Desktop/MC_ws/install/Visualize/lib/python3.10/site-packages/Visualize/data_plot.py to data_plot.cpython-310.pyc
byte-compiling /home/ubuntu/Desktop/MC_ws/install/Visualize/lib/python3.10/site-packages/Visualize/__init__.py to __init__.cpython-310.pyc
running install_egg_info
Copying ../../build/Visualize/Visualize.egg-info to /home/ubuntu/Desktop/MC_ws/install/Visualize/lib/python3.10/site-packages/Visualize-0.0.1-py3.10.egg-info
running install_scripts
Installing data_plot script to /home/ubuntu/Desktop/MC_ws/install/Visualize/lib/Visualize
writing list of installed files to '/home/ubuntu/Desktop/MC_ws/build/Visualize/install.log'
