[1.238s] Invoking command in '/home/ubuntu/Desktop/MC_ws/build/Visualize': PYTHONPATH=/home/ubuntu/Desktop/MC_ws/build/Visualize/prefix_override:/usr/lib/python3/dist-packages/colcon_core/task/python/colcon_distutils_commands:/home/ubuntu/Desktop/MC_ws/install/Visualize/lib/python3.10/site-packages:${PYTHONPATH} /usr/bin/python3 -W ignore:setup.py install is deprecated -W ignore:easy_install command is deprecated setup.py develop --uninstall --editable --build-directory /home/ubuntu/Desktop/MC_ws/build/Visualize/build
[1.544s] running develop
[1.741s] Removing /home/ubuntu/Desktop/MC_ws/install/Visualize/lib/python3.10/site-packages/Visualize.egg-link (link to .)
[1.788s] Invoked command in '/home/ubuntu/Desktop/MC_ws/build/Visualize' returned '0': PYTHONPATH=/home/ubuntu/Desktop/MC_ws/build/Visualize/prefix_override:/usr/lib/python3/dist-packages/colcon_core/task/python/colcon_distutils_commands:/home/ubuntu/Desktop/MC_ws/install/Visualize/lib/python3.10/site-packages:${PYTHONPATH} /usr/bin/python3 -W ignore:setup.py install is deprecated -W ignore:easy_install command is deprecated setup.py develop --uninstall --editable --build-directory /home/ubuntu/Desktop/MC_ws/build/Visualize/build
[1.789s] Invoking command in '/home/ubuntu/Desktop/MC_ws/src/Visualize': PYTHONPATH=/home/ubuntu/Desktop/MC_ws/build/Visualize/prefix_override:/usr/lib/python3/dist-packages/colcon_core/task/python/colcon_distutils_commands:/home/ubuntu/Desktop/MC_ws/install/Visualize/lib/python3.10/site-packages:${PYTHONPATH} /usr/bin/python3 -W ignore:setup.py install is deprecated -W ignore:easy_install command is deprecated setup.py egg_info --egg-base ../../build/Visualize build --build-base /home/ubuntu/Desktop/MC_ws/build/Visualize/build install --record /home/ubuntu/Desktop/MC_ws/build/Visualize/install.log --single-version-externally-managed
[2.138s] running egg_info
[2.142s] writing ../../build/Visualize/Visualize.egg-info/PKG-INFO
[2.143s] writing dependency_links to ../../build/Visualize/Visualize.egg-info/dependency_links.txt
[2.143s] writing entry points to ../../build/Visualize/Visualize.egg-info/entry_points.txt
[2.143s] writing requirements to ../../build/Visualize/Visualize.egg-info/requires.txt
[2.143s] writing top-level names to ../../build/Visualize/Visualize.egg-info/top_level.txt
[2.143s] reading manifest file '../../build/Visualize/Visualize.egg-info/SOURCES.txt'
[2.144s] writing manifest file '../../build/Visualize/Visualize.egg-info/SOURCES.txt'
[2.145s] running build
[2.145s] running build_py
[2.145s] running install
[2.145s] running install_lib
[2.146s] creating /home/ubuntu/Desktop/MC_ws/install/Visualize/lib/python3.10/site-packages/Visualize
[2.146s] copying /home/ubuntu/Desktop/MC_ws/build/Visualize/build/lib/Visualize/data_plot.py -> /home/ubuntu/Desktop/MC_ws/install/Visualize/lib/python3.10/site-packages/Visualize
[2.148s] copying /home/ubuntu/Desktop/MC_ws/build/Visualize/build/lib/Visualize/__init__.py -> /home/ubuntu/Desktop/MC_ws/install/Visualize/lib/python3.10/site-packages/Visualize
[2.149s] byte-compiling /home/ubuntu/Desktop/MC_ws/install/Visualize/lib/python3.10/site-packages/Visualize/data_plot.py to data_plot.cpython-310.pyc
[2.151s] byte-compiling /home/ubuntu/Desktop/MC_ws/install/Visualize/lib/python3.10/site-packages/Visualize/__init__.py to __init__.cpython-310.pyc
[2.151s] running install_egg_info
[2.155s] Copying ../../build/Visualize/Visualize.egg-info to /home/ubuntu/Desktop/MC_ws/install/Visualize/lib/python3.10/site-packages/Visualize-0.0.1-py3.10.egg-info
[2.156s] running install_scripts
[2.187s] Installing data_plot script to /home/ubuntu/Desktop/MC_ws/install/Visualize/lib/Visualize
[2.188s] writing list of installed files to '/home/ubuntu/Desktop/MC_ws/build/Visualize/install.log'
[2.228s] Invoked command in '/home/ubuntu/Desktop/MC_ws/src/Visualize' returned '0': PYTHONPATH=/home/ubuntu/Desktop/MC_ws/build/Visualize/prefix_override:/usr/lib/python3/dist-packages/colcon_core/task/python/colcon_distutils_commands:/home/ubuntu/Desktop/MC_ws/install/Visualize/lib/python3.10/site-packages:${PYTHONPATH} /usr/bin/python3 -W ignore:setup.py install is deprecated -W ignore:easy_install command is deprecated setup.py egg_info --egg-base ../../build/Visualize build --build-base /home/ubuntu/Desktop/MC_ws/build/Visualize/build install --record /home/ubuntu/Desktop/MC_ws/build/Visualize/install.log --single-version-externally-managed
