[0.881s] Invoking command in '/home/ubuntu/Desktop/MC_ws/build/odrive_can_control': CMAKE_PREFIX_PATH=/opt/ros/humble VIRTUAL_ENV_PROMPT=(myenv) /usr/bin/cmake /home/ubuntu/Desktop/MC_ws/src/odrive_can_control -DCMAKE_INSTALL_PREFIX=/home/ubuntu/Desktop/MC_ws/install/odrive_can_control
[1.006s] -- The C compiler identification is GNU 11.4.0
[1.123s] -- The CXX compiler identification is GNU 11.4.0
[1.147s] -- Detecting C compiler ABI info
[1.283s] -- Detecting C compiler ABI info - done
[1.307s] -- Check for working C compiler: /usr/bin/cc - skipped
[1.307s] -- Detecting C compile features
[1.310s] -- Detecting C compile features - done
[1.313s] -- Detecting CXX compiler ABI info
[1.515s] -- Detecting CXX compiler ABI info - done
[1.541s] -- Check for working CXX compiler: /usr/bin/c++ - skipped
[1.541s] -- Detecting CXX compile features
[1.542s] -- Detecting CXX compile features - done
[1.542s] -- Found ament_cmake: 1.3.11 (/opt/ros/humble/share/ament_cmake/cmake)
[1.765s] -- Found Python3: /home/ubuntu/Desktop/MC_ws/myenv/bin/python3 (found version "3.10.12") found components: Interpreter 
[1.934s] -- Found rclcpp: 16.0.11 (/opt/ros/humble/share/rclcpp/cmake)
[2.009s] -- Found rosidl_generator_c: 3.1.6 (/opt/ros/humble/share/rosidl_generator_c/cmake)
[2.018s] -- Found rosidl_adapter: 3.1.6 (/opt/ros/humble/share/rosidl_adapter/cmake)
[2.033s] -- Found rosidl_generator_cpp: 3.1.6 (/opt/ros/humble/share/rosidl_generator_cpp/cmake)
[2.057s] -- Using all available rosidl_typesupport_c: rosidl_typesupport_fastrtps_c;rosidl_typesupport_introspection_c
[2.093s] -- Using all available rosidl_typesupport_cpp: rosidl_typesupport_fastrtps_cpp;rosidl_typesupport_introspection_cpp
[2.221s] -- Found rmw_implementation_cmake: 6.1.2 (/opt/ros/humble/share/rmw_implementation_cmake/cmake)
[2.224s] -- Found rmw_cyclonedds_cpp: 1.3.4 (/opt/ros/humble/share/rmw_cyclonedds_cpp/cmake)
[2.260s] -- Using RMW implementation 'rmw_cyclonedds_cpp' as default
[2.274s] -- Looking for pthread.h
[2.378s] -- Looking for pthread.h - found
[2.378s] -- Performing Test CMAKE_HAVE_LIBC_PTHREAD
[2.473s] -- Performing Test CMAKE_HAVE_LIBC_PTHREAD - Success
[2.474s] -- Found Threads: TRUE  
[2.683s] -- Configuring done
[2.693s] -- Generating done
[2.700s] -- Build files have been written to: /home/ubuntu/Desktop/MC_ws/build/odrive_can_control
[2.709s] Invoked command in '/home/ubuntu/Desktop/MC_ws/build/odrive_can_control' returned '0': CMAKE_PREFIX_PATH=/opt/ros/humble VIRTUAL_ENV_PROMPT=(myenv) /usr/bin/cmake /home/ubuntu/Desktop/MC_ws/src/odrive_can_control -DCMAKE_INSTALL_PREFIX=/home/ubuntu/Desktop/MC_ws/install/odrive_can_control
[2.711s] Invoking command in '/home/ubuntu/Desktop/MC_ws/build/odrive_can_control': CMAKE_PREFIX_PATH=/opt/ros/humble VIRTUAL_ENV_PROMPT=(myenv) /usr/bin/cmake --build /home/ubuntu/Desktop/MC_ws/build/odrive_can_control -- -j8 -l8
[2.773s] [ 50%] [32mBuilding CXX object CMakeFiles/odrive_can_node.dir/src/odrive_can_node.cpp.o[0m
[6.037s] [100%] [32m[1mLinking CXX executable odrive_can_node[0m
[6.217s] [100%] Built target odrive_can_node
[6.229s] Invoked command in '/home/ubuntu/Desktop/MC_ws/build/odrive_can_control' returned '0': CMAKE_PREFIX_PATH=/opt/ros/humble VIRTUAL_ENV_PROMPT=(myenv) /usr/bin/cmake --build /home/ubuntu/Desktop/MC_ws/build/odrive_can_control -- -j8 -l8
[6.242s] Invoking command in '/home/ubuntu/Desktop/MC_ws/build/odrive_can_control': CMAKE_PREFIX_PATH=/opt/ros/humble VIRTUAL_ENV_PROMPT=(myenv) /usr/bin/cmake --install /home/ubuntu/Desktop/MC_ws/build/odrive_can_control
[6.250s] -- Install configuration: ""
[6.250s] -- Installing: /home/ubuntu/Desktop/MC_ws/install/odrive_can_control/lib/odrive_can_control/odrive_can_node
[6.250s] -- Set runtime path of "/home/ubuntu/Desktop/MC_ws/install/odrive_can_control/lib/odrive_can_control/odrive_can_node" to ""
[6.250s] -- Installing: /home/ubuntu/Desktop/MC_ws/install/odrive_can_control/share/ament_index/resource_index/package_run_dependencies/odrive_can_control
[6.250s] -- Installing: /home/ubuntu/Desktop/MC_ws/install/odrive_can_control/share/ament_index/resource_index/parent_prefix_path/odrive_can_control
[6.251s] -- Installing: /home/ubuntu/Desktop/MC_ws/install/odrive_can_control/share/odrive_can_control/environment/ament_prefix_path.sh
[6.251s] -- Installing: /home/ubuntu/Desktop/MC_ws/install/odrive_can_control/share/odrive_can_control/environment/ament_prefix_path.dsv
[6.251s] -- Installing: /home/ubuntu/Desktop/MC_ws/install/odrive_can_control/share/odrive_can_control/environment/path.sh
[6.251s] -- Installing: /home/ubuntu/Desktop/MC_ws/install/odrive_can_control/share/odrive_can_control/environment/path.dsv
[6.251s] -- Installing: /home/ubuntu/Desktop/MC_ws/install/odrive_can_control/share/odrive_can_control/local_setup.bash
[6.251s] -- Installing: /home/ubuntu/Desktop/MC_ws/install/odrive_can_control/share/odrive_can_control/local_setup.sh
[6.251s] -- Installing: /home/ubuntu/Desktop/MC_ws/install/odrive_can_control/share/odrive_can_control/local_setup.zsh
[6.252s] -- Installing: /home/ubuntu/Desktop/MC_ws/install/odrive_can_control/share/odrive_can_control/local_setup.dsv
[6.252s] -- Installing: /home/ubuntu/Desktop/MC_ws/install/odrive_can_control/share/odrive_can_control/package.dsv
[6.252s] -- Installing: /home/ubuntu/Desktop/MC_ws/install/odrive_can_control/share/ament_index/resource_index/packages/odrive_can_control
[6.252s] -- Installing: /home/ubuntu/Desktop/MC_ws/install/odrive_can_control/share/odrive_can_control/cmake/odrive_can_controlConfig.cmake
[6.252s] -- Installing: /home/ubuntu/Desktop/MC_ws/install/odrive_can_control/share/odrive_can_control/cmake/odrive_can_controlConfig-version.cmake
[6.253s] -- Installing: /home/ubuntu/Desktop/MC_ws/install/odrive_can_control/share/odrive_can_control/package.xml
[6.256s] Invoked command in '/home/ubuntu/Desktop/MC_ws/build/odrive_can_control' returned '0': CMAKE_PREFIX_PATH=/opt/ros/humble VIRTUAL_ENV_PROMPT=(myenv) /usr/bin/cmake --install /home/ubuntu/Desktop/MC_ws/build/odrive_can_control
