[0.523s] Invoking command in '/home/ubuntu/Desktop/MC_ws/build/impedance_control': CMAKE_PREFIX_PATH=/opt/ros/humble VIRTUAL_ENV_PROMPT=(myenv) /usr/bin/cmake /home/ubuntu/Desktop/MC_ws/src/Control/Impedance_controller -DCMAKE_INSTALL_PREFIX=/home/ubuntu/Desktop/MC_ws/install/impedance_control
[0.889s] -- The C compiler identification is GNU 11.4.0
[0.889s] -- The CXX compiler identification is GNU 11.4.0
[0.890s] -- Detecting C compiler ABI info
[0.890s] -- Detecting C compiler ABI info - done
[0.890s] -- Check for working C compiler: /usr/bin/cc - skipped
[0.890s] -- Detecting C compile features
[0.892s] -- Detecting C compile features - done
[0.892s] -- Detecting CXX compiler ABI info
[0.892s] -- Detecting CXX compiler ABI info - done
[0.892s] -- Check for working CXX compiler: /usr/bin/c++ - skipped
[0.892s] -- Detecting CXX compile features
[0.893s] -- Detecting CXX compile features - done
[0.893s] -- Found ament_cmake: 1.3.11 (/opt/ros/humble/share/ament_cmake/cmake)
[1.153s] -- Found Python3: /home/ubuntu/Desktop/MC_ws/myenv/bin/python3 (found version "3.10.12") found components: Interpreter 
[1.329s] -- Found rclcpp: 16.0.11 (/opt/ros/humble/share/rclcpp/cmake)
[1.407s] -- Found rosidl_generator_c: 3.1.6 (/opt/ros/humble/share/rosidl_generator_c/cmake)
[1.416s] -- Found rosidl_adapter: 3.1.6 (/opt/ros/humble/share/rosidl_adapter/cmake)
[1.440s] -- Found rosidl_generator_cpp: 3.1.6 (/opt/ros/humble/share/rosidl_generator_cpp/cmake)
[1.468s] -- Using all available rosidl_typesupport_c: rosidl_typesupport_fastrtps_c;rosidl_typesupport_introspection_c
[1.509s] -- Using all available rosidl_typesupport_cpp: rosidl_typesupport_fastrtps_cpp;rosidl_typesupport_introspection_cpp
[1.598s] -- Found rmw_implementation_cmake: 6.1.2 (/opt/ros/humble/share/rmw_implementation_cmake/cmake)
[1.602s] -- Found rmw_cyclonedds_cpp: 1.3.4 (/opt/ros/humble/share/rmw_cyclonedds_cpp/cmake)
[1.641s] -- Using RMW implementation 'rmw_cyclonedds_cpp' as default
[1.651s] -- Looking for pthread.h
[1.779s] -- Looking for pthread.h - found
[1.779s] -- Performing Test CMAKE_HAVE_LIBC_PTHREAD
[1.899s] -- Performing Test CMAKE_HAVE_LIBC_PTHREAD - Success
[1.899s] -- Found Threads: TRUE  
[2.227s] -- Configuring done
[2.241s] -- Generating done
[2.247s] -- Build files have been written to: /home/ubuntu/Desktop/MC_ws/build/impedance_control
[2.258s] Invoked command in '/home/ubuntu/Desktop/MC_ws/build/impedance_control' returned '0': CMAKE_PREFIX_PATH=/opt/ros/humble VIRTUAL_ENV_PROMPT=(myenv) /usr/bin/cmake /home/ubuntu/Desktop/MC_ws/src/Control/Impedance_controller -DCMAKE_INSTALL_PREFIX=/home/ubuntu/Desktop/MC_ws/install/impedance_control
[2.262s] Invoking command in '/home/ubuntu/Desktop/MC_ws/build/impedance_control': CMAKE_PREFIX_PATH=/opt/ros/humble VIRTUAL_ENV_PROMPT=(myenv) /usr/bin/cmake --build /home/ubuntu/Desktop/MC_ws/build/impedance_control -- -j8 -l8
[2.338s] [ 50%] [32mBuilding CXX object CMakeFiles/impedance_control_node.dir/src/impedance_control_node.cpp.o[0m
[10.529s] [100%] [32m[1mLinking CXX executable impedance_control_node[0m
[10.888s] [100%] Built target impedance_control_node
[10.900s] Invoked command in '/home/ubuntu/Desktop/MC_ws/build/impedance_control' returned '0': CMAKE_PREFIX_PATH=/opt/ros/humble VIRTUAL_ENV_PROMPT=(myenv) /usr/bin/cmake --build /home/ubuntu/Desktop/MC_ws/build/impedance_control -- -j8 -l8
[10.902s] Invoking command in '/home/ubuntu/Desktop/MC_ws/build/impedance_control': CMAKE_PREFIX_PATH=/opt/ros/humble VIRTUAL_ENV_PROMPT=(myenv) /usr/bin/cmake --install /home/ubuntu/Desktop/MC_ws/build/impedance_control
[10.908s] -- Install configuration: ""
[10.908s] -- Installing: /home/ubuntu/Desktop/MC_ws/install/impedance_control/lib/impedance_control/impedance_control_node
[10.910s] -- Set runtime path of "/home/ubuntu/Desktop/MC_ws/install/impedance_control/lib/impedance_control/impedance_control_node" to ""
[10.910s] -- Installing: /home/ubuntu/Desktop/MC_ws/install/impedance_control/share/impedance_control/
[10.910s] -- Installing: /home/ubuntu/Desktop/MC_ws/install/impedance_control/share/impedance_control//impedance_control.launch.py
[10.911s] -- Installing: /home/ubuntu/Desktop/MC_ws/install/impedance_control/share/ament_index/resource_index/package_run_dependencies/impedance_control
[10.911s] -- Installing: /home/ubuntu/Desktop/MC_ws/install/impedance_control/share/ament_index/resource_index/parent_prefix_path/impedance_control
[10.911s] -- Installing: /home/ubuntu/Desktop/MC_ws/install/impedance_control/share/impedance_control/environment/ament_prefix_path.sh
[10.911s] -- Installing: /home/ubuntu/Desktop/MC_ws/install/impedance_control/share/impedance_control/environment/ament_prefix_path.dsv
[10.911s] -- Installing: /home/ubuntu/Desktop/MC_ws/install/impedance_control/share/impedance_control/environment/path.sh
[10.911s] -- Installing: /home/ubuntu/Desktop/MC_ws/install/impedance_control/share/impedance_control/environment/path.dsv
[10.911s] -- Installing: /home/ubuntu/Desktop/MC_ws/install/impedance_control/share/impedance_control/local_setup.bash
[10.911s] -- Installing: /home/ubuntu/Desktop/MC_ws/install/impedance_control/share/impedance_control/local_setup.sh
[10.912s] -- Installing: /home/ubuntu/Desktop/MC_ws/install/impedance_control/share/impedance_control/local_setup.zsh
[10.912s] -- Installing: /home/ubuntu/Desktop/MC_ws/install/impedance_control/share/impedance_control/local_setup.dsv
[10.912s] -- Installing: /home/ubuntu/Desktop/MC_ws/install/impedance_control/share/impedance_control/package.dsv
[10.912s] -- Installing: /home/ubuntu/Desktop/MC_ws/install/impedance_control/share/ament_index/resource_index/packages/impedance_control
[10.912s] -- Installing: /home/ubuntu/Desktop/MC_ws/install/impedance_control/share/impedance_control/cmake/impedance_controlConfig.cmake
[10.912s] -- Installing: /home/ubuntu/Desktop/MC_ws/install/impedance_control/share/impedance_control/cmake/impedance_controlConfig-version.cmake
[10.912s] -- Installing: /home/ubuntu/Desktop/MC_ws/install/impedance_control/share/impedance_control/package.xml
[10.914s] Invoked command in '/home/ubuntu/Desktop/MC_ws/build/impedance_control' returned '0': CMAKE_PREFIX_PATH=/opt/ros/humble VIRTUAL_ENV_PROMPT=(myenv) /usr/bin/cmake --install /home/ubuntu/Desktop/MC_ws/build/impedance_control
