[0.454s] Invoking command in '/home/ubuntu/Desktop/MC_ws/build/data_pub': CMAKE_PREFIX_PATH=${CMAKE_PREFIX_PATH}:/home/ubuntu/Desktop/MC_ws/install/Visualize:/opt/ros/humble /usr/bin/cmake --build /home/ubuntu/Desktop/MC_ws/build/data_pub -- -j8 -l8
[0.736s] [35m[1mConsolidate compiler generated dependencies of target data_pub_node[0m
[0.736s] [100%] Built target data_pub_node
[0.741s] Invoked command in '/home/ubuntu/Desktop/MC_ws/build/data_pub' returned '0': CMAKE_PREFIX_PATH=${CMAKE_PREFIX_PATH}:/home/ubuntu/Desktop/MC_ws/install/Visualize:/opt/ros/humble /usr/bin/cmake --build /home/ubuntu/Desktop/MC_ws/build/data_pub -- -j8 -l8
[0.753s] Invoking command in '/home/ubuntu/Desktop/MC_ws/build/data_pub': CMAKE_PREFIX_PATH=${CMAKE_PREFIX_PATH}:/home/ubuntu/Desktop/MC_ws/install/Visualize:/opt/ros/humble /usr/bin/cmake --install /home/ubuntu/Desktop/MC_ws/build/data_pub
[0.762s] -- Install configuration: ""
[0.762s] -- Up-to-date: /home/ubuntu/Desktop/MC_ws/install/data_pub/lib/data_pub/data_pub_node
[0.763s] -- Up-to-date: /home/ubuntu/Desktop/MC_ws/install/data_pub/share/ament_index/resource_index/package_run_dependencies/data_pub
[0.763s] -- Up-to-date: /home/ubuntu/Desktop/MC_ws/install/data_pub/share/ament_index/resource_index/parent_prefix_path/data_pub
[0.764s] -- Up-to-date: /home/ubuntu/Desktop/MC_ws/install/data_pub/share/data_pub/environment/ament_prefix_path.sh
[0.764s] -- Up-to-date: /home/ubuntu/Desktop/MC_ws/install/data_pub/share/data_pub/environment/ament_prefix_path.dsv
[0.764s] -- Up-to-date: /home/ubuntu/Desktop/MC_ws/install/data_pub/share/data_pub/environment/path.sh
[0.764s] -- Up-to-date: /home/ubuntu/Desktop/MC_ws/install/data_pub/share/data_pub/environment/path.dsv
[0.764s] -- Up-to-date: /home/ubuntu/Desktop/MC_ws/install/data_pub/share/data_pub/local_setup.bash
[0.764s] -- Up-to-date: /home/ubuntu/Desktop/MC_ws/install/data_pub/share/data_pub/local_setup.sh
[0.764s] -- Up-to-date: /home/ubuntu/Desktop/MC_ws/install/data_pub/share/data_pub/local_setup.zsh
[0.764s] -- Up-to-date: /home/ubuntu/Desktop/MC_ws/install/data_pub/share/data_pub/local_setup.dsv
[0.764s] -- Installing: /home/ubuntu/Desktop/MC_ws/install/data_pub/share/data_pub/package.dsv
[0.764s] -- Up-to-date: /home/ubuntu/Desktop/MC_ws/install/data_pub/share/ament_index/resource_index/packages/data_pub
[0.764s] -- Up-to-date: /home/ubuntu/Desktop/MC_ws/install/data_pub/share/data_pub/cmake/data_pubConfig.cmake
[0.765s] -- Up-to-date: /home/ubuntu/Desktop/MC_ws/install/data_pub/share/data_pub/cmake/data_pubConfig-version.cmake
[0.765s] -- Up-to-date: /home/ubuntu/Desktop/MC_ws/install/data_pub/share/data_pub/package.xml
[0.767s] Invoked command in '/home/ubuntu/Desktop/MC_ws/build/data_pub' returned '0': CMAKE_PREFIX_PATH=${CMAKE_PREFIX_PATH}:/home/ubuntu/Desktop/MC_ws/install/Visualize:/opt/ros/humble /usr/bin/cmake --install /home/ubuntu/Desktop/MC_ws/build/data_pub
