[1.170s] Invoking command in '/home/ubuntu/Desktop/MC_ws/src/Visualize': PYTHONPATH=/home/ubuntu/Desktop/MC_ws/build/Visualize/prefix_override:/usr/lib/python3/dist-packages/colcon_core/task/python/colcon_distutils_commands:/home/ubuntu/Desktop/MC_ws/install/Visualize/lib/python3.10/site-packages:${PYTHONPATH} /usr/bin/python3 -W ignore:setup.py install is deprecated -W ignore:easy_install command is deprecated setup.py egg_info --egg-base ../../build/Visualize build --build-base /home/ubuntu/Desktop/MC_ws/build/Visualize/build install --record /home/ubuntu/Desktop/MC_ws/build/Visualize/install.log --single-version-externally-managed
[1.416s] running egg_info
[1.416s] writing ../../build/Visualize/Visualize.egg-info/PKG-INFO
[1.417s] writing dependency_links to ../../build/Visualize/Visualize.egg-info/dependency_links.txt
[1.417s] writing entry points to ../../build/Visualize/Visualize.egg-info/entry_points.txt
[1.417s] writing requirements to ../../build/Visualize/Visualize.egg-info/requires.txt
[1.417s] writing top-level names to ../../build/Visualize/Visualize.egg-info/top_level.txt
[1.419s] reading manifest file '../../build/Visualize/Visualize.egg-info/SOURCES.txt'
[1.420s] writing manifest file '../../build/Visualize/Visualize.egg-info/SOURCES.txt'
[1.421s] running build
[1.422s] running build_py
[1.422s] running install
[1.423s] running install_lib
[1.424s] running install_egg_info
[1.428s] removing '/home/ubuntu/Desktop/MC_ws/install/Visualize/lib/python3.10/site-packages/Visualize-0.0.1-py3.10.egg-info' (and everything under it)
[1.431s] Copying ../../build/Visualize/Visualize.egg-info to /home/ubuntu/Desktop/MC_ws/install/Visualize/lib/python3.10/site-packages/Visualize-0.0.1-py3.10.egg-info
[1.432s] running install_scripts
[1.459s] Installing data_plot script to /home/ubuntu/Desktop/MC_ws/install/Visualize/lib/Visualize
[1.460s] writing list of installed files to '/home/ubuntu/Desktop/MC_ws/build/Visualize/install.log'
[1.495s] Invoked command in '/home/ubuntu/Desktop/MC_ws/src/Visualize' returned '0': PYTHONPATH=/home/ubuntu/Desktop/MC_ws/build/Visualize/prefix_override:/usr/lib/python3/dist-packages/colcon_core/task/python/colcon_distutils_commands:/home/ubuntu/Desktop/MC_ws/install/Visualize/lib/python3.10/site-packages:${PYTHONPATH} /usr/bin/python3 -W ignore:setup.py install is deprecated -W ignore:easy_install command is deprecated setup.py egg_info --egg-base ../../build/Visualize build --build-base /home/ubuntu/Desktop/MC_ws/build/Visualize/build install --record /home/ubuntu/Desktop/MC_ws/build/Visualize/install.log --single-version-externally-managed
