[0.521s] Invoking command in '/home/ubuntu/Desktop/MC_ws/build/data_pub': CMAKE_PREFIX_PATH=/opt/ros/humble VIRTUAL_ENV_PROMPT=(myenv) /usr/bin/cmake /home/ubuntu/Desktop/MC_ws/src/Control/Data_pub -DCMAKE_INSTALL_PREFIX=/home/ubuntu/Desktop/MC_ws/install/data_pub
[0.890s] -- The C compiler identification is GNU 11.4.0
[0.890s] -- The CXX compiler identification is GNU 11.4.0
[0.890s] -- Detecting C compiler ABI info
[0.890s] -- Detecting C compiler ABI info - done
[0.890s] -- Check for working C compiler: /usr/bin/cc - skipped
[0.890s] -- Detecting C compile features
[0.891s] -- Detecting C compile features - done
[0.891s] -- Detecting CXX compiler ABI info
[0.916s] -- Detecting CXX compiler ABI info - done
[0.920s] -- Check for working CXX compiler: /usr/bin/c++ - skipped
[0.920s] -- Detecting CXX compile features
[0.921s] -- Detecting CXX compile features - done
[0.924s] -- Found ament_cmake: 1.3.11 (/opt/ros/humble/share/ament_cmake/cmake)
[1.177s] -- Found Python3: /home/ubuntu/Desktop/MC_ws/myenv/bin/python3 (found version "3.10.12") found components: Interpreter 
[1.364s] -- Found rclcpp: 16.0.11 (/opt/ros/humble/share/rclcpp/cmake)
[1.443s] -- Found rosidl_generator_c: 3.1.6 (/opt/ros/humble/share/rosidl_generator_c/cmake)
[1.455s] -- Found rosidl_adapter: 3.1.6 (/opt/ros/humble/share/rosidl_adapter/cmake)
[1.474s] -- Found rosidl_generator_cpp: 3.1.6 (/opt/ros/humble/share/rosidl_generator_cpp/cmake)
[1.518s] -- Using all available rosidl_typesupport_c: rosidl_typesupport_fastrtps_c;rosidl_typesupport_introspection_c
[1.569s] -- Using all available rosidl_typesupport_cpp: rosidl_typesupport_fastrtps_cpp;rosidl_typesupport_introspection_cpp
[1.651s] -- Found rmw_implementation_cmake: 6.1.2 (/opt/ros/humble/share/rmw_implementation_cmake/cmake)
[1.655s] -- Found rmw_cyclonedds_cpp: 1.3.4 (/opt/ros/humble/share/rmw_cyclonedds_cpp/cmake)
[1.697s] -- Using RMW implementation 'rmw_cyclonedds_cpp' as default
[1.714s] -- Looking for pthread.h
[1.844s] -- Looking for pthread.h - found
[1.846s] -- Performing Test CMAKE_HAVE_LIBC_PTHREAD
[1.966s] -- Performing Test CMAKE_HAVE_LIBC_PTHREAD - Success
[1.969s] -- Found Threads: TRUE  
[2.298s] -- Configuring done
[2.311s] -- Generating done
[2.316s] -- Build files have been written to: /home/ubuntu/Desktop/MC_ws/build/data_pub
[2.334s] Invoked command in '/home/ubuntu/Desktop/MC_ws/build/data_pub' returned '0': CMAKE_PREFIX_PATH=/opt/ros/humble VIRTUAL_ENV_PROMPT=(myenv) /usr/bin/cmake /home/ubuntu/Desktop/MC_ws/src/Control/Data_pub -DCMAKE_INSTALL_PREFIX=/home/ubuntu/Desktop/MC_ws/install/data_pub
[2.335s] Invoking command in '/home/ubuntu/Desktop/MC_ws/build/data_pub': CMAKE_PREFIX_PATH=/opt/ros/humble VIRTUAL_ENV_PROMPT=(myenv) /usr/bin/cmake --build /home/ubuntu/Desktop/MC_ws/build/data_pub -- -j8 -l8
[2.397s] [ 50%] [32mBuilding CXX object CMakeFiles/data_pub_node.dir/src/data_pub_node.cpp.o[0m
[7.249s] [100%] [32m[1mLinking CXX executable data_pub_node[0m
[7.474s] [100%] Built target data_pub_node
[7.494s] Invoked command in '/home/ubuntu/Desktop/MC_ws/build/data_pub' returned '0': CMAKE_PREFIX_PATH=/opt/ros/humble VIRTUAL_ENV_PROMPT=(myenv) /usr/bin/cmake --build /home/ubuntu/Desktop/MC_ws/build/data_pub -- -j8 -l8
[7.499s] Invoking command in '/home/ubuntu/Desktop/MC_ws/build/data_pub': CMAKE_PREFIX_PATH=/opt/ros/humble VIRTUAL_ENV_PROMPT=(myenv) /usr/bin/cmake --install /home/ubuntu/Desktop/MC_ws/build/data_pub
[7.506s] -- Install configuration: ""
[7.506s] -- Installing: /home/ubuntu/Desktop/MC_ws/install/data_pub/lib/data_pub/data_pub_node
[7.507s] -- Set runtime path of "/home/ubuntu/Desktop/MC_ws/install/data_pub/lib/data_pub/data_pub_node" to ""
[7.508s] -- Installing: /home/ubuntu/Desktop/MC_ws/install/data_pub/share/ament_index/resource_index/package_run_dependencies/data_pub
[7.508s] -- Installing: /home/ubuntu/Desktop/MC_ws/install/data_pub/share/ament_index/resource_index/parent_prefix_path/data_pub
[7.508s] -- Installing: /home/ubuntu/Desktop/MC_ws/install/data_pub/share/data_pub/environment/ament_prefix_path.sh
[7.508s] -- Installing: /home/ubuntu/Desktop/MC_ws/install/data_pub/share/data_pub/environment/ament_prefix_path.dsv
[7.508s] -- Installing: /home/ubuntu/Desktop/MC_ws/install/data_pub/share/data_pub/environment/path.sh
[7.508s] -- Installing: /home/ubuntu/Desktop/MC_ws/install/data_pub/share/data_pub/environment/path.dsv
[7.509s] -- Installing: /home/ubuntu/Desktop/MC_ws/install/data_pub/share/data_pub/local_setup.bash
[7.509s] -- Installing: /home/ubuntu/Desktop/MC_ws/install/data_pub/share/data_pub/local_setup.sh
[7.509s] -- Installing: /home/ubuntu/Desktop/MC_ws/install/data_pub/share/data_pub/local_setup.zsh
[7.509s] -- Installing: /home/ubuntu/Desktop/MC_ws/install/data_pub/share/data_pub/local_setup.dsv
[7.509s] -- Installing: /home/ubuntu/Desktop/MC_ws/install/data_pub/share/data_pub/package.dsv
[7.509s] -- Installing: /home/ubuntu/Desktop/MC_ws/install/data_pub/share/ament_index/resource_index/packages/data_pub
[7.509s] -- Installing: /home/ubuntu/Desktop/MC_ws/install/data_pub/share/data_pub/cmake/data_pubConfig.cmake
[7.510s] -- Installing: /home/ubuntu/Desktop/MC_ws/install/data_pub/share/data_pub/cmake/data_pubConfig-version.cmake
[7.510s] -- Installing: /home/ubuntu/Desktop/MC_ws/install/data_pub/share/data_pub/package.xml
[7.512s] Invoked command in '/home/ubuntu/Desktop/MC_ws/build/data_pub' returned '0': CMAKE_PREFIX_PATH=/opt/ros/humble VIRTUAL_ENV_PROMPT=(myenv) /usr/bin/cmake --install /home/ubuntu/Desktop/MC_ws/build/data_pub
